# JRE version: OpenJDK Runtime Environment AdoptOpenJDK (14.0.2+12) (build 14.0.2+12)
# Java VM: OpenJDK 64-Bit Server VM AdoptOpenJDK (14.0.2+12, mixed mode, sharing, tiered, compressed oops, g1 gc, windows-amd64)
Heap:
 garbage-first heap   total 89088K, used 58561K [0x0000000081200000, 0x0000000100000000)
  region size 1024K, 30 young (30720K), 4 survivors (4096K)
 Metaspace       used 49897K, capacity 51340K, committed 51584K, reserved 1093632K
  class space    used 5798K, capacity 6469K, committed 6528K, reserved 1048576K
GC Heap History (20 events):
Event: 6.625 GC heap before
{Heap before GC invocations=15 (full 0):
 garbage-first heap   total 61440K, used 50014K [0x0000000081200000, 0x0000000100000000)
  region size 1024K, 36 young (36864K), 4 survivors (4096K)
 Metaspace       used 31918K, capacity 32908K, committed 33024K, reserved 1079296K
  class space    used 3584K, capacity 4011K, committed 4096K, reserved 1048576K
}
Event: 6.631 GC heap after
{Heap after GC invocations=16 (full 0):
 garbage-first heap   total 61440K, used 18160K [0x0000000081200000, 0x0000000100000000)
  region size 1024K, 3 young (3072K), 3 survivors (3072K)
 Metaspace       used 31918K, capacity 32908K, committed 33024K, reserved 1079296K
  class space    used 3584K, capacity 4011K, committed 4096K, reserved 1048576K
}
Event: 6.819 GC heap before
{Heap before GC invocations=16 (full 0):
 garbage-first heap   total 61440K, used 50928K [0x0000000081200000, 0x0000000100000000)
  region size 1024K, 35 young (35840K), 3 survivors (3072K)
 Metaspace       used 33360K, capacity 34358K, committed 34432K, reserved 1079296K
  class space    used 3716K, capacity 4162K, committed 4224K, reserved 1048576K
}
Event: 6.824 GC heap after
{Heap after GC invocations=17 (full 0):
 garbage-first heap   total 61440K, used 18419K [0x0000000081200000, 0x0000000100000000)
  region size 1024K, 3 young (3072K), 3 survivors (3072K)
 Metaspace       used 33360K, capacity 34358K, committed 34432K, reserved 1079296K
  class space    used 3716K, capacity 4162K, committed 4224K, reserved 1048576K
}
Event: 6.983 GC heap before
{Heap before GC invocations=17 (full 0):
 garbage-first heap   total 61440K, used 51187K [0x0000000081200000, 0x0000000100000000)
  region size 1024K, 35 young (35840K), 3 survivors (3072K)
 Metaspace       used 34419K, capacity 35414K, committed 35584K, reserved 1081344K
  class space    used 3807K, capacity 4258K, committed 4352K, reserved 1048576K
}
Event: 6.987 GC heap after
{Heap after GC invocations=18 (full 0):
 garbage-first heap   total 73728K, used 18696K [0x0000000081200000, 0x0000000100000000)
  region size 1024K, 3 young (3072K), 3 survivors (3072K)
 Metaspace       used 34419K, capacity 35414K, committed 35584K, reserved 1081344K
  class space    used 3807K, capacity 4258K, committed 4352K, reserved 1048576K
}
Event: 7.032 GC heap before
{Heap before GC invocations=18 (full 0):
 garbage-first heap   total 73728K, used 25864K [0x0000000081200000, 0x0000000100000000)
  region size 1024K, 11 young (11264K), 3 survivors (3072K)
 Metaspace       used 34811K, capacity 35798K, committed 35840K, reserved 1081344K
  class space    used 3872K, capacity 4322K, committed 4352K, reserved 1048576K
}
Event: 7.037 GC heap after
{Heap after GC invocations=19 (full 0):
 garbage-first heap   total 73728K, used 18150K [0x0000000081200000, 0x0000000100000000)
  region size 1024K, 3 young (3072K), 3 survivors (3072K)
 Metaspace       used 34811K, capacity 35798K, committed 35840K, reserved 1081344K
  class space    used 3872K, capacity 4322K, committed 4352K, reserved 1048576K
}
Event: 7.456 GC heap before
{Heap before GC invocations=20 (full 0):
 garbage-first heap   total 73728K, used 59110K [0x0000000081200000, 0x0000000100000000)
  region size 1024K, 43 young (44032K), 3 survivors (3072K)
 Metaspace       used 36650K, capacity 37660K, committed 37760K, reserved 1083392K
  class space    used 4014K, capacity 4456K, committed 4480K, reserved 1048576K
}
Event: 7.460 GC heap after
{Heap after GC invocations=21 (full 0):
 garbage-first heap   total 73728K, used 18760K [0x0000000081200000, 0x0000000100000000)
  region size 1024K, 3 young (3072K), 3 survivors (3072K)
 Metaspace       used 36650K, capacity 37660K, committed 37760K, reserved 1083392K
  class space    used 4014K, capacity 4456K, committed 4480K, reserved 1048576K
}
Event: 8.166 GC heap before
{Heap before GC invocations=21 (full 0):
 garbage-first heap   total 73728K, used 59720K [0x0000000081200000, 0x0000000100000000)
  region size 1024K, 43 young (44032K), 3 survivors (3072K)
 Metaspace       used 39079K, capacity 40123K, committed 40320K, reserved 1085440K
  class space    used 4238K, capacity 4697K, committed 4736K, reserved 1048576K
}
Event: 8.172 GC heap after
{Heap after GC invocations=22 (full 0):
 garbage-first heap   total 73728K, used 19798K [0x0000000081200000, 0x0000000100000000)
  region size 1024K, 4 young (4096K), 4 survivors (4096K)
 Metaspace       used 39079K, capacity 40123K, committed 40320K, reserved 1085440K
  class space    used 4238K, capacity 4697K, committed 4736K, reserved 1048576K
}
Event: 8.592 GC heap before
{Heap before GC invocations=22 (full 0):
 garbage-first heap   total 73728K, used 60758K [0x0000000081200000, 0x0000000100000000)
  region size 1024K, 43 young (44032K), 4 survivors (4096K)
 Metaspace       used 40826K, capacity 41879K, committed 42112K, reserved 1087488K
  class space    used 4469K, capacity 4942K, committed 4992K, reserved 1048576K
}
Event: 8.598 GC heap after
{Heap after GC invocations=23 (full 0):
 garbage-first heap   total 89088K, used 21492K [0x0000000081200000, 0x0000000100000000)
  region size 1024K, 4 young (4096K), 4 survivors (4096K)
 Metaspace       used 40826K, capacity 41879K, committed 42112K, reserved 1087488K
  class space    used 4469K, capacity 4942K, committed 4992K, reserved 1048576K
}
Event: 9.224 GC heap before
{Heap before GC invocations=23 (full 0):
 garbage-first heap   total 89088K, used 70644K [0x0000000081200000, 0x0000000100000000)
  region size 1024K, 52 young (53248K), 4 survivors (4096K)
 Metaspace       used 43048K, capacity 44147K, committed 44416K, reserved 1089536K
  class space    used 4729K, capacity 5230K, committed 5248K, reserved 1048576K
}
Event: 9.231 GC heap after
{Heap after GC invocations=24 (full 0):
 garbage-first heap   total 89088K, used 23093K [0x0000000081200000, 0x0000000100000000)
  region size 1024K, 5 young (5120K), 5 survivors (5120K)
 Metaspace       used 43048K, capacity 44147K, committed 44416K, reserved 1089536K
  class space    used 4729K, capacity 5230K, committed 5248K, reserved 1048576K
}
Event: 9.877 GC heap before
{Heap before GC invocations=24 (full 0):
 garbage-first heap   total 89088K, used 74293K [0x0000000081200000, 0x0000000100000000)
  region size 1024K, 52 young (53248K), 5 survivors (5120K)
 Metaspace       used 45414K, capacity 46572K, committed 46848K, reserved 1091584K
  class space    used 5072K, capacity 5594K, committed 5632K, reserved 1048576K
}
Event: 9.885 GC heap after
{Heap after GC invocations=25 (full 0):
 garbage-first heap   total 89088K, used 27249K [0x0000000081200000, 0x0000000100000000)
  region size 1024K, 5 young (5120K), 5 survivors (5120K)
 Metaspace       used 45414K, capacity 46572K, committed 46848K, reserved 1091584K
  class space    used 5072K, capacity 5594K, committed 5632K, reserved 1048576K
}
Event: 10.410 GC heap before
{Heap before GC invocations=25 (full 0):
 garbage-first heap   total 89088K, used 73329K [0x0000000081200000, 0x0000000100000000)
  region size 1024K, 50 young (51200K), 5 survivors (5120K)
 Metaspace       used 48132K, capacity 49558K, committed 49792K, reserved 1093632K
  class space    used 5561K, capacity 6166K, committed 6272K, reserved 1048576K
}
Event: 10.417 GC heap after
{Heap after GC invocations=26 (full 0):
 garbage-first heap   total 89088K, used 27841K [0x0000000081200000, 0x0000000100000000)
  region size 1024K, 4 young (4096K), 4 survivors (4096K)
 Metaspace       used 48132K, capacity 49558K, committed 49792K, reserved 1093632K
  class space    used 5561K, capacity 6166K, committed 6272K, reserved 1048576K
}

