# JRE version: OpenJDK Runtime Environment AdoptOpenJDK (14.0.2+12) (build 14.0.2+12)
# Java VM: OpenJDK 64-Bit Server VM AdoptOpenJDK (14.0.2+12, mixed mode, sharing, tiered, compressed oops, g1 gc, windows-amd64)
Heap:
 garbage-first heap   total 102400K, used 47490K [0x0000000081200000, 0x0000000100000000)
  region size 1024K, 20 young (20480K), 5 survivors (5120K)
 Metaspace       used 49815K, capacity 51333K, committed 51584K, reserved 1093632K
  class space    used 5794K, capacity 6469K, committed 6528K, reserved 1048576K
GC Heap History (20 events):
Event: 6.450 GC heap before
{Heap before GC invocations=14 (full 0):
 garbage-first heap   total 70656K, used 54968K [0x0000000081200000, 0x0000000100000000)
  region size 1024K, 41 young (41984K), 4 survivors (4096K)
 Metaspace       used 31372K, capacity 32306K, committed 32384K, reserved 1077248K
  class space    used 3522K, capacity 3941K, committed 3968K, reserved 1048576K
}
Event: 6.455 GC heap after
{Heap after GC invocations=15 (full 0):
 garbage-first heap   total 70656K, used 17662K [0x0000000081200000, 0x0000000100000000)
  region size 1024K, 4 young (4096K), 4 survivors (4096K)
 Metaspace       used 31372K, capacity 32306K, committed 32384K, reserved 1077248K
  class space    used 3522K, capacity 3941K, committed 3968K, reserved 1048576K
}
Event: 6.731 GC heap before
{Heap before GC invocations=15 (full 0):
 garbage-first heap   total 70656K, used 55550K [0x0000000081200000, 0x0000000100000000)
  region size 1024K, 41 young (41984K), 4 survivors (4096K)
 Metaspace       used 33271K, capacity 34286K, committed 34432K, reserved 1079296K
  class space    used 3715K, capacity 4162K, committed 4224K, reserved 1048576K
}
Event: 6.737 GC heap after
{Heap after GC invocations=16 (full 0):
 garbage-first heap   total 70656K, used 18327K [0x0000000081200000, 0x0000000100000000)
  region size 1024K, 3 young (3072K), 3 survivors (3072K)
 Metaspace       used 33271K, capacity 34286K, committed 34432K, reserved 1079296K
  class space    used 3715K, capacity 4162K, committed 4224K, reserved 1048576K
}
Event: 6.884 GC heap before
{Heap before GC invocations=16 (full 0):
 garbage-first heap   total 70656K, used 57239K [0x0000000081200000, 0x0000000100000000)
  region size 1024K, 41 young (41984K), 3 survivors (3072K)
 Metaspace       used 34538K, capacity 35534K, committed 35840K, reserved 1081344K
  class space    used 3817K, capacity 4258K, committed 4352K, reserved 1048576K
}
Event: 6.887 GC heap after
{Heap after GC invocations=17 (full 0):
 garbage-first heap   total 70656K, used 18185K [0x0000000081200000, 0x0000000100000000)
  region size 1024K, 3 young (3072K), 3 survivors (3072K)
 Metaspace       used 34538K, capacity 35534K, committed 35840K, reserved 1081344K
  class space    used 3817K, capacity 4258K, committed 4352K, reserved 1048576K
}
Event: 6.921 GC heap before
{Heap before GC invocations=17 (full 0):
 garbage-first heap   total 70656K, used 22281K [0x0000000081200000, 0x0000000100000000)
  region size 1024K, 8 young (8192K), 3 survivors (3072K)
 Metaspace       used 34789K, capacity 35790K, committed 35840K, reserved 1081344K
  class space    used 3872K, capacity 4322K, committed 4352K, reserved 1048576K
}
Event: 6.924 GC heap after
{Heap after GC invocations=18 (full 0):
 garbage-first heap   total 70656K, used 18028K [0x0000000081200000, 0x0000000100000000)
  region size 1024K, 3 young (3072K), 3 survivors (3072K)
 Metaspace       used 34789K, capacity 35790K, committed 35840K, reserved 1081344K
  class space    used 3872K, capacity 4322K, committed 4352K, reserved 1048576K
}
Event: 7.287 GC heap before
{Heap before GC invocations=19 (full 0):
 garbage-first heap   total 70656K, used 56940K [0x0000000081200000, 0x0000000100000000)
  region size 1024K, 41 young (41984K), 3 survivors (3072K)
 Metaspace       used 36568K, capacity 37588K, committed 37760K, reserved 1083392K
  class space    used 4002K, capacity 4456K, committed 4480K, reserved 1048576K
}
Event: 7.291 GC heap after
{Heap after GC invocations=20 (full 0):
 garbage-first heap   total 84992K, used 18580K [0x0000000081200000, 0x0000000100000000)
  region size 1024K, 4 young (4096K), 4 survivors (4096K)
 Metaspace       used 36568K, capacity 37588K, committed 37760K, reserved 1083392K
  class space    used 4002K, capacity 4456K, committed 4480K, reserved 1048576K
}
Event: 7.953 GC heap before
{Heap before GC invocations=20 (full 0):
 garbage-first heap   total 84992K, used 64660K [0x0000000081200000, 0x0000000100000000)
  region size 1024K, 49 young (50176K), 4 survivors (4096K)
 Metaspace       used 39183K, capacity 40211K, committed 40320K, reserved 1085440K
  class space    used 4255K, capacity 4729K, committed 4736K, reserved 1048576K
}
Event: 7.958 GC heap after
{Heap after GC invocations=21 (full 0):
 garbage-first heap   total 84992K, used 19633K [0x0000000081200000, 0x0000000100000000)
  region size 1024K, 5 young (5120K), 5 survivors (5120K)
 Metaspace       used 39183K, capacity 40211K, committed 40320K, reserved 1085440K
  class space    used 4255K, capacity 4729K, committed 4736K, reserved 1048576K
}
Event: 8.408 GC heap before
{Heap before GC invocations=21 (full 0):
 garbage-first heap   total 84992K, used 65713K [0x0000000081200000, 0x0000000100000000)
  region size 1024K, 49 young (50176K), 5 survivors (5120K)
 Metaspace       used 41110K, capacity 42203K, committed 42496K, reserved 1087488K
  class space    used 4504K, capacity 5010K, committed 5120K, reserved 1048576K
}
Event: 8.414 GC heap after
{Heap after GC invocations=22 (full 0):
 garbage-first heap   total 84992K, used 21379K [0x0000000081200000, 0x0000000100000000)
  region size 1024K, 5 young (5120K), 5 survivors (5120K)
 Metaspace       used 41110K, capacity 42203K, committed 42496K, reserved 1087488K
  class space    used 4504K, capacity 5010K, committed 5120K, reserved 1048576K
}
Event: 8.994 GC heap before
{Heap before GC invocations=22 (full 0):
 garbage-first heap   total 84992K, used 66435K [0x0000000081200000, 0x0000000100000000)
  region size 1024K, 49 young (50176K), 5 survivors (5120K)
 Metaspace       used 43185K, capacity 44307K, committed 44544K, reserved 1089536K
  class space    used 4744K, capacity 5265K, committed 5376K, reserved 1048576K
}
Event: 9.002 GC heap after
{Heap after GC invocations=23 (full 0):
 garbage-first heap   total 84992K, used 23274K [0x0000000081200000, 0x0000000100000000)
  region size 1024K, 6 young (6144K), 6 survivors (6144K)
 Metaspace       used 43185K, capacity 44307K, committed 44544K, reserved 1089536K
  class space    used 4744K, capacity 5265K, committed 5376K, reserved 1048576K
}
Event: 9.520 GC heap before
{Heap before GC invocations=23 (full 0):
 garbage-first heap   total 84992K, used 70378K [0x0000000081200000, 0x0000000100000000)
  region size 1024K, 49 young (50176K), 6 survivors (6144K)
 Metaspace       used 45326K, capacity 46564K, committed 46848K, reserved 1091584K
  class space    used 5068K, capacity 5594K, committed 5632K, reserved 1048576K
}
Event: 9.528 GC heap after
{Heap after GC invocations=24 (full 0):
 garbage-first heap   total 102400K, used 27373K [0x0000000081200000, 0x0000000100000000)
  region size 1024K, 4 young (4096K), 4 survivors (4096K)
 Metaspace       used 45326K, capacity 46564K, committed 46848K, reserved 1091584K
  class space    used 5068K, capacity 5594K, committed 5632K, reserved 1048576K
}
Event: 10.261 GC heap before
{Heap before GC invocations=24 (full 0):
 garbage-first heap   total 102400K, used 84717K [0x0000000081200000, 0x0000000100000000)
  region size 1024K, 60 young (61440K), 4 survivors (4096K)
 Metaspace       used 49077K, capacity 50535K, committed 50688K, reserved 1093632K
  class space    used 5715K, capacity 6347K, committed 6400K, reserved 1048576K
}
Event: 10.268 GC heap after
{Heap after GC invocations=25 (full 0):
 garbage-first heap   total 102400K, used 28034K [0x0000000081200000, 0x0000000100000000)
  region size 1024K, 5 young (5120K), 5 survivors (5120K)
 Metaspace       used 49077K, capacity 50535K, committed 50688K, reserved 1093632K
  class space    used 5715K, capacity 6347K, committed 6400K, reserved 1048576K
}

