{"C:\\Users\\Bruker\\Desktop\\IT1901\\gr2010\\gazelle\\src\\client\\login.ts": {"path":"C:\\Users\\Bruker\\Desktop\\IT1901\\gr2010\\gazelle\\src\\client\\login.ts","statementMap":{"0":{"start":{"line":1,"column":0},"end":{"line":1,"column":null}},"1":{"start":{"line":2,"column":0},"end":{"line":2,"column":null}},"2":{"start":{"line":14,"column":2},"end":{"line":14,"column":38}},"3":{"start":{"line":14,"column":32},"end":{"line":14,"column":38}},"4":{"start":{"line":15,"column":2},"end":{"line":15,"column":8}},"5":{"start":{"line":17,"column":2},"end":{"line":27,"column":null}},"6":{"start":{"line":18,"column":36},"end":{"line":18,"column":53}},"7":{"start":{"line":22,"column":4},"end":{"line":22,"column":16}},"8":{"start":{"line":23,"column":4},"end":{"line":23,"column":10}},"9":{"start":{"line":25,"column":4},"end":{"line":25,"column":10}},"10":{"start":{"line":26,"column":4},"end":{"line":26,"column":10}},"11":{"start":{"line":38,"column":2},"end":{"line":38,"column":38}},"12":{"start":{"line":38,"column":32},"end":{"line":38,"column":38}},"13":{"start":{"line":39,"column":2},"end":{"line":39,"column":8}},"14":{"start":{"line":41,"column":2},"end":{"line":51,"column":null}},"15":{"start":{"line":43,"column":20},"end":{"line":43,"column":null}},"16":{"start":{"line":46,"column":23},"end":{"line":46,"column":40}},"17":{"start":{"line":47,"column":4},"end":{"line":47,"column":10}},"18":{"start":{"line":49,"column":4},"end":{"line":49,"column":10}},"19":{"start":{"line":50,"column":4},"end":{"line":50,"column":10}},"20":{"start":{"line":60,"column":16},"end":{"line":60,"column":28}},"21":{"start":{"line":61,"column":2},"end":{"line":64,"column":null}},"22":{"start":{"line":62,"column":4},"end":{"line":62,"column":10}},"23":{"start":{"line":63,"column":4},"end":{"line":63,"column":null}},"24":{"start":{"line":66,"column":2},"end":{"line":70,"column":null}},"25":{"start":{"line":67,"column":4},"end":{"line":67,"column":10}},"26":{"start":{"line":69,"column":4},"end":{"line":69,"column":16}},"27":{"start":{"line":80,"column":2},"end":{"line":80,"column":39}},"28":{"start":{"line":80,"column":33},"end":{"line":80,"column":39}},"29":{"start":{"line":82,"column":2},"end":{"line":88,"column":null}},"30":{"start":{"line":83,"column":4},"end":{"line":83,"column":10}},"31":{"start":{"line":85,"column":4},"end":{"line":87,"column":12}},"32":{"start":{"line":87,"column":6},"end":{"line":87,"column":12}},"33":{"start":{"line":90,"column":2},"end":{"line":90,"column":14}},"34":{"start":{"line":91,"column":2},"end":{"line":91,"column":8}},"35":{"start":{"line":102,"column":2},"end":{"line":102,"column":38}},"36":{"start":{"line":102,"column":32},"end":{"line":102,"column":38}},"37":{"start":{"line":103,"column":2},"end":{"line":103,"column":8}},"38":{"start":{"line":104,"column":2},"end":{"line":114,"column":null}},"39":{"start":{"line":105,"column":36},"end":{"line":105,"column":53}},"40":{"start":{"line":109,"column":4},"end":{"line":109,"column":16}},"41":{"start":{"line":110,"column":4},"end":{"line":110,"column":10}},"42":{"start":{"line":112,"column":4},"end":{"line":112,"column":10}},"43":{"start":{"line":113,"column":4},"end":{"line":113,"column":10}}},"fnMap":{"0":{"name":"login","decl":{"start":{"line":13,"column":22},"end":{"line":13,"column":28}},"loc":{"start":{"line":13,"column":54},"end":{"line":28,"column":null}}},"1":{"name":"loginWithToken","decl":{"start":{"line":37,"column":22},"end":{"line":37,"column":37}},"loc":{"start":{"line":37,"column":50},"end":{"line":52,"column":null}}},"2":{"name":"tryLocalStorageLogin","decl":{"start":{"line":59,"column":22},"end":{"line":59,"column":42}},"loc":{"start":{"line":59,"column":42},"end":{"line":71,"column":null}}},"3":{"name":"logout","decl":{"start":{"line":79,"column":22},"end":{"line":79,"column":28}},"loc":{"start":{"line":79,"column":28},"end":{"line":92,"column":null}}},"4":{"name":"signup","decl":{"start":{"line":101,"column":22},"end":{"line":101,"column":29}},"loc":{"start":{"line":101,"column":57},"end":{"line":115,"column":null}}}},"branchMap":{"0":{"loc":{"start":{"line":14,"column":2},"end":{"line":14,"column":38}},"type":"if","locations":[{"start":{"line":14,"column":2},"end":{"line":14,"column":38}},{"start":{"line":14,"column":2},"end":{"line":14,"column":38}}]},"1":{"loc":{"start":{"line":38,"column":2},"end":{"line":38,"column":38}},"type":"if","locations":[{"start":{"line":38,"column":2},"end":{"line":38,"column":38}},{"start":{"line":38,"column":2},"end":{"line":38,"column":38}}]},"2":{"loc":{"start":{"line":61,"column":2},"end":{"line":64,"column":null}},"type":"if","locations":[{"start":{"line":61,"column":2},"end":{"line":64,"column":null}},{"start":{"line":61,"column":2},"end":{"line":64,"column":null}}]},"3":{"loc":{"start":{"line":80,"column":2},"end":{"line":80,"column":39}},"type":"if","locations":[{"start":{"line":80,"column":2},"end":{"line":80,"column":39}},{"start":{"line":80,"column":2},"end":{"line":80,"column":39}}]},"4":{"loc":{"start":{"line":85,"column":4},"end":{"line":87,"column":12}},"type":"if","locations":[{"start":{"line":85,"column":4},"end":{"line":87,"column":12}},{"start":{"line":85,"column":4},"end":{"line":87,"column":12}}]},"5":{"loc":{"start":{"line":102,"column":2},"end":{"line":102,"column":38}},"type":"if","locations":[{"start":{"line":102,"column":2},"end":{"line":102,"column":38}},{"start":{"line":102,"column":2},"end":{"line":102,"column":38}}]}},"s":{"0":1,"1":1,"2":0,"3":0,"4":0,"5":0,"6":0,"7":0,"8":0,"9":0,"10":0,"11":0,"12":0,"13":0,"14":0,"15":0,"16":0,"17":0,"18":0,"19":0,"20":0,"21":0,"22":0,"23":0,"24":0,"25":0,"26":0,"27":0,"28":0,"29":0,"30":0,"31":0,"32":0,"33":0,"34":0,"35":0,"36":0,"37":0,"38":0,"39":0,"40":0,"41":0,"42":0,"43":0},"f":{"0":0,"1":0,"2":0,"3":0,"4":0},"b":{"0":[0,0],"1":[0,0],"2":[0,0],"3":[0,0],"4":[0,0],"5":[0,0]}}
,"C:\\Users\\Bruker\\Desktop\\IT1901\\gr2010\\gazelle\\src\\client\\restClient.ts": {"path":"C:\\Users\\Bruker\\Desktop\\IT1901\\gr2010\\gazelle\\src\\client\\restClient.ts","statementMap":{"0":{"start":{"line":1,"column":0},"end":{"line":1,"column":null}},"1":{"start":{"line":3,"column":0},"end":{"line":3,"column":null}},"2":{"start":{"line":4,"column":0},"end":{"line":4,"column":null}},"3":{"start":{"line":12,"column":2},"end":{"line":12,"column":9}},"4":{"start":{"line":13,"column":4},"end":{"line":13,"column":16}},"5":{"start":{"line":14,"column":18},"end":{"line":14,"column":26}},"6":{"start":{"line":16,"column":8},"end":{"line":30,"column":16}},"7":{"start":{"line":17,"column":39},"end":{"line":17,"column":null}},"8":{"start":{"line":21,"column":10},"end":{"line":27,"column":null}},"9":{"start":{"line":23,"column":12},"end":{"line":23,"column":24}},"10":{"start":{"line":24,"column":12},"end":{"line":24,"column":18}},"11":{"start":{"line":25,"column":12},"end":{"line":25,"column":18}},"12":{"start":{"line":26,"column":12},"end":{"line":26,"column":18}},"13":{"start":{"line":28,"column":10},"end":{"line":28,"column":16}},"14":{"start":{"line":30,"column":10},"end":{"line":30,"column":16}},"15":{"start":{"line":38,"column":25},"end":{"line":38,"column":null}},"16":{"start":{"line":38,"column":42},"end":{"line":38,"column":null}},"17":{"start":{"line":41,"column":26},"end":{"line":42,"column":null}},"18":{"start":{"line":42,"column":2},"end":{"line":42,"column":null}},"19":{"start":{"line":45,"column":42},"end":{"line":45,"column":null}},"20":{"start":{"line":45,"column":59},"end":{"line":45,"column":null}},"21":{"start":{"line":52,"column":4},"end":{"line":52,"column":9}},"22":{"start":{"line":55,"column":4},"end":{"line":55,"column":9}},"23":{"start":{"line":56,"column":26},"end":{"line":56,"column":null}},"24":{"start":{"line":58,"column":9},"end":{"line":58,"column":null}},"25":{"start":{"line":63,"column":4},"end":{"line":63,"column":9}},"26":{"start":{"line":70,"column":4},"end":{"line":70,"column":11}},"27":{"start":{"line":76,"column":4},"end":{"line":76,"column":11}},"28":{"start":{"line":82,"column":4},"end":{"line":82,"column":11}},"29":{"start":{"line":88,"column":15},"end":{"line":88,"column":19}}},"fnMap":{"0":{"name":"wrapPromise","decl":{"start":{"line":11,"column":16},"end":{"line":11,"column":31}},"loc":{"start":{"line":11,"column":60},"end":{"line":35,"column":null}}},"1":{"name":"(anonymous_1)","decl":{"start":{"line":12,"column":24},"end":{"line":12,"column":25}},"loc":{"start":{"line":12,"column":44},"end":{"line":34,"column":null}}},"2":{"name":"(anonymous_2)","decl":{"start":{"line":14,"column":12},"end":{"line":14,"column":14}},"loc":{"start":{"line":14,"column":18},"end":{"line":14,"column":26}}},"3":{"name":"(anonymous_3)","decl":{"start":{"line":15,"column":13},"end":{"line":15,"column":19}},"loc":{"start":{"line":15,"column":27},"end":{"line":33,"column":null}}},"4":{"name":"(anonymous_4)","decl":{"start":{"line":38,"column":25},"end":{"line":38,"column":42}},"loc":{"start":{"line":38,"column":42},"end":{"line":38,"column":null}}},"5":{"name":"(anonymous_5)","decl":{"start":{"line":41,"column":26},"end":{"line":41,"column":null}},"loc":{"start":{"line":42,"column":2},"end":{"line":42,"column":null}}},"6":{"name":"(anonymous_6)","decl":{"start":{"line":45,"column":42},"end":{"line":45,"column":59}},"loc":{"start":{"line":45,"column":59},"end":{"line":45,"column":null}}},"7":{"name":"(anonymous_7)","decl":{"start":{"line":51,"column":2},"end":{"line":51,"column":null}},"loc":{"start":{"line":51,"column":2},"end":{"line":60,"column":null}}},"8":{"name":"(anonymous_8)","decl":{"start":{"line":56,"column":6},"end":{"line":56,"column":7}},"loc":{"start":{"line":56,"column":26},"end":{"line":56,"column":null}}},"9":{"name":"(anonymous_9)","decl":{"start":{"line":57,"column":6},"end":{"line":57,"column":11}},"loc":{"start":{"line":58,"column":9},"end":{"line":58,"column":null}}},"10":{"name":"(anonymous_10)","decl":{"start":{"line":62,"column":9},"end":{"line":62,"column":19}},"loc":{"start":{"line":62,"column":35},"end":{"line":64,"column":null}}},"11":{"name":"(anonymous_11)","decl":{"start":{"line":66,"column":9},"end":{"line":66,"column":12}},"loc":{"start":{"line":68,"column":50},"end":{"line":73,"column":null}}},"12":{"name":"(anonymous_12)","decl":{"start":{"line":75,"column":9},"end":{"line":75,"column":13}},"loc":{"start":{"line":75,"column":41},"end":{"line":79,"column":null}}},"13":{"name":"(anonymous_13)","decl":{"start":{"line":81,"column":9},"end":{"line":81,"column":25}},"loc":{"start":{"line":81,"column":56},"end":{"line":85,"column":null}}}},"branchMap":{"0":{"loc":{"start":{"line":16,"column":8},"end":{"line":30,"column":16}},"type":"if","locations":[{"start":{"line":16,"column":8},"end":{"line":30,"column":16}},{"start":{"line":16,"column":8},"end":{"line":30,"column":16}}]},"1":{"loc":{"start":{"line":21,"column":10},"end":{"line":27,"column":null}},"type":"if","locations":[{"start":{"line":21,"column":10},"end":{"line":27,"column":null}},{"start":{"line":21,"column":10},"end":{"line":27,"column":null}}]},"2":{"loc":{"start":{"line":42,"column":2},"end":{"line":42,"column":17}},"type":"binary-expr","locations":[{"start":{"line":42,"column":2},"end":{"line":42,"column":17}},{"start":{"line":42,"column":17},"end":{"line":42,"column":32}},{"start":{"line":42,"column":32},"end":{"line":42,"column":null}}]}},"s":{"0":1,"1":1,"2":1,"3":0,"4":0,"5":0,"6":0,"7":0,"8":0,"9":0,"10":0,"11":0,"12":0,"13":0,"14":0,"15":1,"16":0,"17":1,"18":0,"19":1,"20":0,"21":1,"22":1,"23":1,"24":0,"25":0,"26":0,"27":0,"28":0,"29":1},"f":{"0":0,"1":0,"2":0,"3":0,"4":0,"5":0,"6":0,"7":1,"8":1,"9":0,"10":0,"11":0,"12":0,"13":0},"b":{"0":[0,0],"1":[0,0],"2":[0,0,0]}}
,"C:\\Users\\Bruker\\Desktop\\IT1901\\gr2010\\gazelle\\src\\components\\ChoreListing.vue": {"path":"C:\\Users\\Bruker\\Desktop\\IT1901\\gr2010\\gazelle\\src\\components\\ChoreListing.vue","statementMap":{"0":{"start":{"line":18,"column":0},"end":{"line":18,"column":null}},"1":{"start":{"line":22,"column":0},"end":{"line":22,"column":null}},"2":{"start":{"line":23,"column":0},"end":{"line":23,"column":null}},"3":{"start":{"line":25,"column":0},"end":{"line":25,"column":null}}},"fnMap":{"0":{"name":"(anonymous_1)","decl":{"start":{"line":22,"column":0},"end":{"line":22,"column":null}},"loc":{"start":{"line":22,"column":0},"end":{"line":26,"column":null}}}},"branchMap":{},"s":{"0":1,"1":2,"2":0,"3":1},"f":{"0":0},"b":{}}
,"C:\\Users\\Bruker\\Desktop\\IT1901\\gr2010\\gazelle\\src\\components\\CourseList.vue": {"path":"C:\\Users\\Bruker\\Desktop\\IT1901\\gr2010\\gazelle\\src\\components\\CourseList.vue","statementMap":{"0":{"start":{"line":20,"column":0},"end":{"line":20,"column":null}},"1":{"start":{"line":22,"column":0},"end":{"line":22,"column":null}},"2":{"start":{"line":27,"column":0},"end":{"line":27,"column":null}},"3":{"start":{"line":29,"column":0},"end":{"line":29,"column":null}},"4":{"start":{"line":27,"column":0},"end":{"line":24,"column":null}}},"fnMap":{},"branchMap":{},"s":{"0":1,"1":1,"2":1,"3":1,"4":1},"f":{},"b":{}}
,"C:\\Users\\Bruker\\Desktop\\IT1901\\gr2010\\gazelle\\src\\components\\CourseListing.vue": {"path":"C:\\Users\\Bruker\\Desktop\\IT1901\\gr2010\\gazelle\\src\\components\\CourseListing.vue","statementMap":{"0":{"start":{"line":32,"column":0},"end":{"line":32,"column":null}},"1":{"start":{"line":36,"column":0},"end":{"line":36,"column":null}},"2":{"start":{"line":38,"column":0},"end":{"line":38,"column":null}}},"fnMap":{},"branchMap":{},"s":{"0":1,"1":2,"2":1},"f":{},"b":{}}
,"C:\\Users\\Bruker\\Desktop\\IT1901\\gr2010\\gazelle\\src\\components\\FocusChore.vue": {"path":"C:\\Users\\Bruker\\Desktop\\IT1901\\gr2010\\gazelle\\src\\components\\FocusChore.vue","statementMap":{"0":{"start":{"line":12,"column":0},"end":{"line":12,"column":null}},"1":{"start":{"line":16,"column":0},"end":{"line":16,"column":null}},"2":{"start":{"line":19,"column":0},"end":{"line":19,"column":null}},"3":{"start":{"line":18,"column":0},"end":{"line":18,"column":null}},"4":{"start":{"line":21,"column":0},"end":{"line":21,"column":null}}},"fnMap":{"0":{"name":"(anonymous_1)","decl":{"start":{"line":16,"column":0},"end":{"line":16,"column":null}},"loc":{"start":{"line":16,"column":0},"end":{"line":22,"column":null}}}},"branchMap":{},"s":{"0":1,"1":2,"2":0,"3":1,"4":1},"f":{"0":0},"b":{}}
,"C:\\Users\\Bruker\\Desktop\\IT1901\\gr2010\\gazelle\\src\\components\\HomePage.vue": {"path":"C:\\Users\\Bruker\\Desktop\\IT1901\\gr2010\\gazelle\\src\\components\\HomePage.vue","statementMap":{"0":{"start":{"line":41,"column":0},"end":{"line":41,"column":null}},"1":{"start":{"line":42,"column":0},"end":{"line":42,"column":null}},"2":{"start":{"line":43,"column":0},"end":{"line":43,"column":null}},"3":{"start":{"line":44,"column":0},"end":{"line":44,"column":null}},"4":{"start":{"line":52,"column":0},"end":{"line":52,"column":null}},"5":{"start":{"line":52,"column":0},"end":{"line":45,"column":null}}},"fnMap":{},"branchMap":{},"s":{"0":1,"1":1,"2":1,"3":1,"4":1,"5":1},"f":{},"b":{}}
,"C:\\Users\\Bruker\\Desktop\\IT1901\\gr2010\\gazelle\\src\\components\\LoginPage.vue": {"path":"C:\\Users\\Bruker\\Desktop\\IT1901\\gr2010\\gazelle\\src\\components\\LoginPage.vue","statementMap":{"0":{"start":{"line":32,"column":0},"end":{"line":32,"column":null}},"1":{"start":{"line":33,"column":0},"end":{"line":33,"column":null}},"2":{"start":{"line":34,"column":0},"end":{"line":34,"column":null}},"3":{"start":{"line":37,"column":0},"end":{"line":37,"column":null}},"4":{"start":{"line":38,"column":0},"end":{"line":38,"column":null}},"5":{"start":{"line":39,"column":0},"end":{"line":39,"column":null}},"6":{"start":{"line":40,"column":0},"end":{"line":40,"column":null}},"7":{"start":{"line":43,"column":0},"end":{"line":43,"column":null}},"8":{"start":{"line":44,"column":0},"end":{"line":44,"column":null}},"9":{"start":{"line":48,"column":0},"end":{"line":48,"column":null}},"10":{"start":{"line":49,"column":0},"end":{"line":49,"column":null}},"11":{"start":{"line":50,"column":0},"end":{"line":50,"column":null}},"12":{"start":{"line":51,"column":0},"end":{"line":58,"column":null}},"13":{"start":{"line":52,"column":0},"end":{"line":52,"column":null}},"14":{"start":{"line":53,"column":0},"end":{"line":53,"column":null}},"15":{"start":{"line":55,"column":0},"end":{"line":55,"column":null}}},"fnMap":{"0":{"name":"(anonymous_1)","decl":{"start":{"line":37,"column":0},"end":{"line":37,"column":null}},"loc":{"start":{"line":37,"column":0},"end":{"line":60,"column":null}}},"1":{"name":"(anonymous_2)","decl":{"start":{"line":42,"column":0},"end":{"line":42,"column":null}},"loc":{"start":{"line":42,"column":0},"end":{"line":45,"column":null}}},"2":{"name":"(anonymous_3)","decl":{"start":{"line":47,"column":0},"end":{"line":47,"column":null}},"loc":{"start":{"line":47,"column":0},"end":{"line":59,"column":null}}}},"branchMap":{"0":{"loc":{"start":{"line":44,"column":0},"end":{"line":44,"column":null}},"type":"if","locations":[{"start":{"line":44,"column":0},"end":{"line":44,"column":null}},{"start":{"line":44,"column":0},"end":{"line":44,"column":null}}]},"1":{"loc":{"start":{"line":55,"column":0},"end":{"line":55,"column":null}},"type":"if","locations":[{"start":{"line":55,"column":0},"end":{"line":55,"column":null}},{"start":{"line":55,"column":0},"end":{"line":55,"column":null}}]}},"s":{"0":1,"1":1,"2":1,"3":2,"4":1,"5":1,"6":1,"7":1,"8":1,"9":0,"10":0,"11":0,"12":0,"13":0,"14":0,"15":0},"f":{"0":1,"1":1,"2":0},"b":{"0":[0,1],"1":[0,0]}}
,"C:\\Users\\Bruker\\Desktop\\IT1901\\gr2010\\gazelle\\src\\components\\PostComponent.vue": {"path":"C:\\Users\\Bruker\\Desktop\\IT1901\\gr2010\\gazelle\\src\\components\\PostComponent.vue","statementMap":{"0":{"start":{"line":12,"column":0},"end":{"line":12,"column":null}},"1":{"start":{"line":13,"column":0},"end":{"line":13,"column":null}},"2":{"start":{"line":14,"column":0},"end":{"line":14,"column":null}},"3":{"start":{"line":23,"column":0},"end":{"line":23,"column":null}},"4":{"start":{"line":27,"column":0},"end":{"line":27,"column":null}},"5":{"start":{"line":23,"column":0},"end":{"line":17,"column":null}}},"fnMap":{"0":{"name":"(anonymous_1)","decl":{"start":{"line":23,"column":0},"end":{"line":23,"column":null}},"loc":{"start":{"line":23,"column":0},"end":{"line":33,"column":null}}}},"branchMap":{},"s":{"0":1,"1":1,"2":1,"3":1,"4":1,"5":1},"f":{"0":0},"b":{}}
,"C:\\Users\\Bruker\\Desktop\\IT1901\\gr2010\\gazelle\\src\\components\\PostEdit.vue": {"path":"C:\\Users\\Bruker\\Desktop\\IT1901\\gr2010\\gazelle\\src\\components\\PostEdit.vue","statementMap":{"0":{"start":{"line":39,"column":0},"end":{"line":39,"column":null}},"1":{"start":{"line":40,"column":0},"end":{"line":40,"column":null}},"2":{"start":{"line":48,"column":0},"end":{"line":48,"column":null}},"3":{"start":{"line":49,"column":0},"end":{"line":49,"column":null}},"4":{"start":{"line":50,"column":0},"end":{"line":50,"column":null}},"5":{"start":{"line":51,"column":0},"end":{"line":51,"column":null}},"6":{"start":{"line":52,"column":0},"end":{"line":52,"column":null}},"7":{"start":{"line":53,"column":0},"end":{"line":53,"column":null}},"8":{"start":{"line":54,"column":0},"end":{"line":54,"column":null}},"9":{"start":{"line":55,"column":0},"end":{"line":55,"column":null}},"10":{"start":{"line":56,"column":0},"end":{"line":56,"column":null}},"11":{"start":{"line":58,"column":0},"end":{"line":60,"column":null}},"12":{"start":{"line":59,"column":0},"end":{"line":59,"column":null}},"13":{"start":{"line":62,"column":0},"end":{"line":64,"column":null}},"14":{"start":{"line":63,"column":0},"end":{"line":63,"column":null}},"15":{"start":{"line":48,"column":0},"end":{"line":43,"column":null}}},"fnMap":{"0":{"name":"(anonymous_1)","decl":{"start":{"line":48,"column":0},"end":{"line":48,"column":null}},"loc":{"start":{"line":48,"column":0},"end":{"line":65,"column":null}}},"1":{"name":"(anonymous_2)","decl":{"start":{"line":58,"column":0},"end":{"line":58,"column":null}},"loc":{"start":{"line":58,"column":0},"end":{"line":60,"column":null}}},"2":{"name":"(anonymous_3)","decl":{"start":{"line":62,"column":0},"end":{"line":62,"column":null}},"loc":{"start":{"line":62,"column":0},"end":{"line":64,"column":null}}}},"branchMap":{"0":{"loc":{"start":{"line":53,"column":0},"end":{"line":53,"column":null}},"type":"cond-expr","locations":[{"start":{"line":53,"column":0},"end":{"line":53,"column":null}},{"start":{"line":53,"column":0},"end":{"line":53,"column":null}}]}},"s":{"0":1,"1":1,"2":1,"3":0,"4":0,"5":0,"6":0,"7":0,"8":0,"9":0,"10":0,"11":0,"12":0,"13":0,"14":0,"15":1},"f":{"0":0,"1":0,"2":0},"b":{"0":[0,0]}}
,"C:\\Users\\Bruker\\Desktop\\IT1901\\gr2010\\gazelle\\src\\components\\PostList.vue": {"path":"C:\\Users\\Bruker\\Desktop\\IT1901\\gr2010\\gazelle\\src\\components\\PostList.vue","statementMap":{"0":{"start":{"line":13,"column":0},"end":{"line":13,"column":null}},"1":{"start":{"line":14,"column":0},"end":{"line":14,"column":null}},"2":{"start":{"line":19,"column":0},"end":{"line":19,"column":null}},"3":{"start":{"line":21,"column":0},"end":{"line":21,"column":null}},"4":{"start":{"line":19,"column":0},"end":{"line":16,"column":null}}},"fnMap":{},"branchMap":{},"s":{"0":1,"1":1,"2":1,"3":1,"4":1},"f":{},"b":{}}
,"C:\\Users\\Bruker\\Desktop\\IT1901\\gr2010\\gazelle\\src\\components\\PostListing.vue": {"path":"C:\\Users\\Bruker\\Desktop\\IT1901\\gr2010\\gazelle\\src\\components\\PostListing.vue","statementMap":{"0":{"start":{"line":40,"column":0},"end":{"line":40,"column":null}},"1":{"start":{"line":44,"column":0},"end":{"line":44,"column":null}},"2":{"start":{"line":46,"column":0},"end":{"line":46,"column":null}}},"fnMap":{},"branchMap":{},"s":{"0":1,"1":2,"2":1},"f":{},"b":{}}
,"C:\\Users\\Bruker\\Desktop\\IT1901\\gr2010\\gazelle\\src\\components\\RecentlyUpdated.vue": {"path":"C:\\Users\\Bruker\\Desktop\\IT1901\\gr2010\\gazelle\\src\\components\\RecentlyUpdated.vue","statementMap":{"0":{"start":{"line":21,"column":0},"end":{"line":21,"column":null}},"1":{"start":{"line":23,"column":0},"end":{"line":23,"column":null}},"2":{"start":{"line":27,"column":0},"end":{"line":27,"column":null}},"3":{"start":{"line":29,"column":0},"end":{"line":29,"column":null}},"4":{"start":{"line":27,"column":0},"end":{"line":24,"column":null}}},"fnMap":{},"branchMap":{},"s":{"0":1,"1":1,"2":1,"3":1,"4":1},"f":{},"b":{}}
,"C:\\Users\\Bruker\\Desktop\\IT1901\\gr2010\\gazelle\\src\\components\\SignUpPage.vue": {"path":"C:\\Users\\Bruker\\Desktop\\IT1901\\gr2010\\gazelle\\src\\components\\SignUpPage.vue","statementMap":{"0":{"start":{"line":39,"column":0},"end":{"line":39,"column":null}},"1":{"start":{"line":40,"column":0},"end":{"line":40,"column":null}},"2":{"start":{"line":41,"column":0},"end":{"line":41,"column":null}},"3":{"start":{"line":44,"column":0},"end":{"line":44,"column":null}},"4":{"start":{"line":45,"column":0},"end":{"line":45,"column":null}},"5":{"start":{"line":46,"column":0},"end":{"line":46,"column":null}},"6":{"start":{"line":47,"column":0},"end":{"line":47,"column":null}},"7":{"start":{"line":48,"column":0},"end":{"line":48,"column":null}},"8":{"start":{"line":49,"column":0},"end":{"line":49,"column":null}},"9":{"start":{"line":51,"column":0},"end":{"line":51,"column":null}},"10":{"start":{"line":54,"column":0},"end":{"line":54,"column":null}},"11":{"start":{"line":55,"column":0},"end":{"line":55,"column":null}},"12":{"start":{"line":56,"column":0},"end":{"line":56,"column":null}},"13":{"start":{"line":57,"column":0},"end":{"line":57,"column":null}},"14":{"start":{"line":58,"column":0},"end":{"line":58,"column":null}},"15":{"start":{"line":60,"column":0},"end":{"line":67,"column":null}},"16":{"start":{"line":61,"column":0},"end":{"line":61,"column":null}},"17":{"start":{"line":62,"column":0},"end":{"line":62,"column":null}},"18":{"start":{"line":64,"column":0},"end":{"line":64,"column":null}}},"fnMap":{"0":{"name":"(anonymous_1)","decl":{"start":{"line":44,"column":0},"end":{"line":44,"column":null}},"loc":{"start":{"line":44,"column":0},"end":{"line":69,"column":null}}},"1":{"name":"(anonymous_2)","decl":{"start":{"line":53,"column":0},"end":{"line":53,"column":null}},"loc":{"start":{"line":53,"column":0},"end":{"line":68,"column":null}}}},"branchMap":{"0":{"loc":{"start":{"line":64,"column":0},"end":{"line":64,"column":null}},"type":"if","locations":[{"start":{"line":64,"column":0},"end":{"line":64,"column":null}},{"start":{"line":64,"column":0},"end":{"line":64,"column":null}}]}},"s":{"0":1,"1":1,"2":1,"3":2,"4":0,"5":0,"6":0,"7":0,"8":0,"9":0,"10":0,"11":0,"12":0,"13":0,"14":0,"15":0,"16":0,"17":0,"18":0},"f":{"0":0,"1":0},"b":{"0":[0,0]}}
,"C:\\Users\\Bruker\\Desktop\\IT1901\\gr2010\\gazelle\\src\\router\\index.ts": {"path":"C:\\Users\\Bruker\\Desktop\\IT1901\\gr2010\\gazelle\\src\\router\\index.ts","statementMap":{"0":{"start":{"line":1,"column":0},"end":{"line":1,"column":null}},"1":{"start":{"line":2,"column":0},"end":{"line":2,"column":null}},"2":{"start":{"line":3,"column":0},"end":{"line":3,"column":null}},"3":{"start":{"line":4,"column":0},"end":{"line":4,"column":null}},"4":{"start":{"line":5,"column":0},"end":{"line":5,"column":null}},"5":{"start":{"line":6,"column":0},"end":{"line":6,"column":null}},"6":{"start":{"line":7,"column":0},"end":{"line":7,"column":null}},"7":{"start":{"line":8,"column":0},"end":{"line":8,"column":null}},"8":{"start":{"line":9,"column":0},"end":{"line":9,"column":null}},"9":{"start":{"line":10,"column":0},"end":{"line":10,"column":null}},"10":{"start":{"line":11,"column":0},"end":{"line":11,"column":null}},"11":{"start":{"line":12,"column":0},"end":{"line":12,"column":null}},"12":{"start":{"line":14,"column":0},"end":{"line":14,"column":4}},"13":{"start":{"line":16,"column":35},"end":{"line":16,"column":null}},"14":{"start":{"line":82,"column":15},"end":{"line":82,"column":19}},"15":{"start":{"line":97,"column":34},"end":{"line":114,"column":null}},"16":{"start":{"line":102,"column":2},"end":{"line":102,"column":39}},"17":{"start":{"line":102,"column":32},"end":{"line":102,"column":39}},"18":{"start":{"line":104,"column":2},"end":{"line":112,"column":null}},"19":{"start":{"line":104,"column":30},"end":{"line":104,"column":52}},"20":{"start":{"line":105,"column":4},"end":{"line":105,"column":42}},"21":{"start":{"line":105,"column":35},"end":{"line":105,"column":42}},"22":{"start":{"line":106,"column":4},"end":{"line":106,"column":12}},"23":{"start":{"line":107,"column":4},"end":{"line":107,"column":11}},"24":{"start":{"line":108,"column":9},"end":{"line":112,"column":null}},"25":{"start":{"line":108,"column":37},"end":{"line":108,"column":64}},"26":{"start":{"line":109,"column":4},"end":{"line":109,"column":43}},"27":{"start":{"line":109,"column":36},"end":{"line":109,"column":43}},"28":{"start":{"line":110,"column":4},"end":{"line":110,"column":12}},"29":{"start":{"line":111,"column":4},"end":{"line":111,"column":11}},"30":{"start":{"line":113,"column":2},"end":{"line":113,"column":9}},"31":{"start":{"line":116,"column":0},"end":{"line":116,"column":6}},"32":{"start":{"line":117,"column":22},"end":{"line":117,"column":null}},"33":{"start":{"line":119,"column":4},"end":{"line":119,"column":29}},"34":{"start":{"line":127,"column":0},"end":{"line":127,"column":6}},"35":{"start":{"line":128,"column":2},"end":{"line":128,"column":null}},"36":{"start":{"line":128,"column":69},"end":{"line":128,"column":null}},"37":{"start":{"line":131,"column":15},"end":{"line":131,"column":null}}},"fnMap":{"0":{"name":"(anonymous_0)","decl":{"start":{"line":97,"column":34},"end":{"line":97,"column":null}},"loc":{"start":{"line":101,"column":13},"end":{"line":114,"column":null}}},"1":{"name":"(anonymous_1)","decl":{"start":{"line":104,"column":25},"end":{"line":104,"column":26}},"loc":{"start":{"line":104,"column":30},"end":{"line":104,"column":52}}},"2":{"name":"(anonymous_2)","decl":{"start":{"line":108,"column":32},"end":{"line":108,"column":33}},"loc":{"start":{"line":108,"column":37},"end":{"line":108,"column":64}}},"3":{"name":"(anonymous_3)","decl":{"start":{"line":117,"column":2},"end":{"line":117,"column":3}},"loc":{"start":{"line":117,"column":22},"end":{"line":117,"column":null}}},"4":{"name":"(anonymous_4)","decl":{"start":{"line":118,"column":2},"end":{"line":118,"column":12}},"loc":{"start":{"line":118,"column":15},"end":{"line":124,"column":null}}},"5":{"name":"(anonymous_5)","decl":{"start":{"line":127,"column":18},"end":{"line":127,"column":19}},"loc":{"start":{"line":127,"column":37},"end":{"line":129,"column":null}}}},"branchMap":{"0":{"loc":{"start":{"line":102,"column":2},"end":{"line":102,"column":39}},"type":"if","locations":[{"start":{"line":102,"column":2},"end":{"line":102,"column":39}},{"start":{"line":102,"column":2},"end":{"line":102,"column":39}}]},"1":{"loc":{"start":{"line":104,"column":2},"end":{"line":112,"column":null}},"type":"if","locations":[{"start":{"line":104,"column":2},"end":{"line":112,"column":null}},{"start":{"line":104,"column":2},"end":{"line":112,"column":null}}]},"2":{"loc":{"start":{"line":105,"column":4},"end":{"line":105,"column":42}},"type":"if","locations":[{"start":{"line":105,"column":4},"end":{"line":105,"column":42}},{"start":{"line":105,"column":4},"end":{"line":105,"column":42}}]},"3":{"loc":{"start":{"line":108,"column":9},"end":{"line":112,"column":null}},"type":"if","locations":[{"start":{"line":108,"column":9},"end":{"line":112,"column":null}},{"start":{"line":108,"column":9},"end":{"line":112,"column":null}}]},"4":{"loc":{"start":{"line":109,"column":4},"end":{"line":109,"column":43}},"type":"if","locations":[{"start":{"line":109,"column":4},"end":{"line":109,"column":43}},{"start":{"line":109,"column":4},"end":{"line":109,"column":43}}]},"5":{"loc":{"start":{"line":128,"column":2},"end":{"line":128,"column":null}},"type":"if","locations":[{"start":{"line":128,"column":2},"end":{"line":128,"column":null}},{"start":{"line":128,"column":2},"end":{"line":128,"column":null}}]}},"s":{"0":1,"1":1,"2":1,"3":1,"4":1,"5":1,"6":1,"7":1,"8":1,"9":1,"10":1,"11":1,"12":1,"13":1,"14":1,"15":1,"16":0,"17":0,"18":0,"19":0,"20":0,"21":0,"22":0,"23":0,"24":0,"25":0,"26":0,"27":0,"28":0,"29":0,"30":0,"31":1,"32":1,"33":0,"34":1,"35":0,"36":0,"37":1},"f":{"0":0,"1":0,"2":0,"3":1,"4":0,"5":0},"b":{"0":[0,0],"1":[0,0],"2":[0,0],"3":[0,0],"4":[0,0],"5":[0,0]}}
,"C:\\Users\\Bruker\\Desktop\\IT1901\\gr2010\\gazelle\\src\\store\\index.ts": {"path":"C:\\Users\\Bruker\\Desktop\\IT1901\\gr2010\\gazelle\\src\\store\\index.ts","statementMap":{"0":{"start":{"line":1,"column":0},"end":{"line":1,"column":null}},"1":{"start":{"line":2,"column":0},"end":{"line":2,"column":null}},"2":{"start":{"line":5,"column":0},"end":{"line":5,"column":4}},"3":{"start":{"line":15,"column":21},"end":{"line":15,"column":35}},"4":{"start":{"line":15,"column":35},"end":{"line":15,"column":null}},"5":{"start":{"line":19,"column":15},"end":{"line":19,"column":19}},"6":{"start":{"line":23,"column":6},"end":{"line":23,"column":11}},"7":{"start":{"line":26,"column":6},"end":{"line":26,"column":11}},"8":{"start":{"line":27,"column":6},"end":{"line":27,"column":11}},"9":{"start":{"line":28,"column":6},"end":{"line":28,"column":11}},"10":{"start":{"line":31,"column":6},"end":{"line":31,"column":11}},"11":{"start":{"line":32,"column":6},"end":{"line":32,"column":11}},"12":{"start":{"line":33,"column":6},"end":{"line":33,"column":11}},"13":{"start":{"line":36,"column":6},"end":{"line":36,"column":11}},"14":{"start":{"line":37,"column":6},"end":{"line":37,"column":11}},"15":{"start":{"line":38,"column":6},"end":{"line":38,"column":11}},"16":{"start":{"line":44,"column":25},"end":{"line":44,"column":null}},"17":{"start":{"line":45,"column":29},"end":{"line":45,"column":null}},"18":{"start":{"line":46,"column":25},"end":{"line":46,"column":null}},"19":{"start":{"line":47,"column":27},"end":{"line":47,"column":null}},"20":{"start":{"line":48,"column":20},"end":{"line":48,"column":null}}},"fnMap":{"0":{"name":"(anonymous_0)","decl":{"start":{"line":15,"column":21},"end":{"line":15,"column":35}},"loc":{"start":{"line":15,"column":35},"end":{"line":15,"column":null}}},"1":{"name":"(anonymous_1)","decl":{"start":{"line":22,"column":4},"end":{"line":22,"column":15}},"loc":{"start":{"line":22,"column":28},"end":{"line":24,"column":null}}},"2":{"name":"(anonymous_2)","decl":{"start":{"line":25,"column":4},"end":{"line":25,"column":15}},"loc":{"start":{"line":25,"column":76},"end":{"line":29,"column":null}}},"3":{"name":"(anonymous_3)","decl":{"start":{"line":30,"column":4},"end":{"line":30,"column":14}},"loc":{"start":{"line":30,"column":27},"end":{"line":34,"column":null}}},"4":{"name":"(anonymous_4)","decl":{"start":{"line":35,"column":4},"end":{"line":35,"column":10}},"loc":{"start":{"line":35,"column":23},"end":{"line":39,"column":null}}},"5":{"name":"(anonymous_5)","decl":{"start":{"line":44,"column":16},"end":{"line":44,"column":21}},"loc":{"start":{"line":44,"column":25},"end":{"line":44,"column":null}}},"6":{"name":"(anonymous_6)","decl":{"start":{"line":45,"column":20},"end":{"line":45,"column":25}},"loc":{"start":{"line":45,"column":29},"end":{"line":45,"column":null}}},"7":{"name":"(anonymous_7)","decl":{"start":{"line":46,"column":16},"end":{"line":46,"column":21}},"loc":{"start":{"line":46,"column":25},"end":{"line":46,"column":null}}},"8":{"name":"(anonymous_8)","decl":{"start":{"line":47,"column":18},"end":{"line":47,"column":23}},"loc":{"start":{"line":47,"column":27},"end":{"line":47,"column":null}}},"9":{"name":"(anonymous_9)","decl":{"start":{"line":48,"column":11},"end":{"line":48,"column":16}},"loc":{"start":{"line":48,"column":20},"end":{"line":48,"column":null}}}},"branchMap":{},"s":{"0":1,"1":1,"2":1,"3":1,"4":1,"5":1,"6":0,"7":0,"8":0,"9":0,"10":0,"11":0,"12":0,"13":0,"14":0,"15":0,"16":0,"17":0,"18":1,"19":0,"20":1},"f":{"0":1,"1":0,"2":0,"3":0,"4":0,"5":0,"6":0,"7":1,"8":0,"9":1},"b":{}}
,"C:\\Users\\Bruker\\Desktop\\IT1901\\gr2010\\gazelle\\src\\views\\CoursePage.vue": {"path":"C:\\Users\\Bruker\\Desktop\\IT1901\\gr2010\\gazelle\\src\\views\\CoursePage.vue","statementMap":{"0":{"start":{"line":22,"column":0},"end":{"line":22,"column":null}},"1":{"start":{"line":23,"column":0},"end":{"line":23,"column":null}},"2":{"start":{"line":24,"column":0},"end":{"line":24,"column":null}},"3":{"start":{"line":25,"column":0},"end":{"line":25,"column":null}},"4":{"start":{"line":26,"column":0},"end":{"line":26,"column":null}},"5":{"start":{"line":35,"column":0},"end":{"line":35,"column":null}},"6":{"start":{"line":36,"column":0},"end":{"line":36,"column":null}},"7":{"start":{"line":35,"column":0},"end":{"line":27,"column":null}}},"fnMap":{"0":{"name":"(anonymous_1)","decl":{"start":{"line":35,"column":0},"end":{"line":35,"column":null}},"loc":{"start":{"line":35,"column":0},"end":{"line":37,"column":null}}}},"branchMap":{},"s":{"0":1,"1":1,"2":1,"3":1,"4":1,"5":1,"6":0,"7":1},"f":{"0":0},"b":{}}
,"C:\\Users\\Bruker\\Desktop\\IT1901\\gr2010\\gazelle\\src\\views\\ErrorPage.vue": {"path":"C:\\Users\\Bruker\\Desktop\\IT1901\\gr2010\\gazelle\\src\\views\\ErrorPage.vue","statementMap":{"0":{"start":{"line":28,"column":0},"end":{"line":28,"column":null}},"1":{"start":{"line":31,"column":0},"end":{"line":31,"column":null}}},"fnMap":{},"branchMap":{},"s":{"0":1,"1":2},"f":{},"b":{}}
,"C:\\Users\\Bruker\\Desktop\\IT1901\\gr2010\\gazelle\\src\\views\\FocusList.vue": {"path":"C:\\Users\\Bruker\\Desktop\\IT1901\\gr2010\\gazelle\\src\\views\\FocusList.vue","statementMap":{"0":{"start":{"line":14,"column":0},"end":{"line":14,"column":null}},"1":{"start":{"line":15,"column":0},"end":{"line":15,"column":null}},"2":{"start":{"line":23,"column":0},"end":{"line":23,"column":null}},"3":{"start":{"line":24,"column":0},"end":{"line":27,"column":null}},"4":{"start":{"line":23,"column":0},"end":{"line":18,"column":null}}},"fnMap":{"0":{"name":"(anonymous_1)","decl":{"start":{"line":23,"column":0},"end":{"line":23,"column":null}},"loc":{"start":{"line":23,"column":0},"end":{"line":29,"column":null}}}},"branchMap":{},"s":{"0":1,"1":1,"2":1,"3":0,"4":1},"f":{"0":0},"b":{}}
,"C:\\Users\\Bruker\\Desktop\\IT1901\\gr2010\\gazelle\\src\\views\\Home.vue": {"path":"C:\\Users\\Bruker\\Desktop\\IT1901\\gr2010\\gazelle\\src\\views\\Home.vue","statementMap":{"0":{"start":{"line":6,"column":0},"end":{"line":6,"column":null}},"1":{"start":{"line":7,"column":0},"end":{"line":7,"column":null}},"2":{"start":{"line":8,"column":0},"end":{"line":8,"column":null}},"3":{"start":{"line":9,"column":0},"end":{"line":9,"column":null}},"4":{"start":{"line":10,"column":0},"end":{"line":10,"column":null}},"5":{"start":{"line":20,"column":0},"end":{"line":20,"column":null}},"6":{"start":{"line":20,"column":0},"end":{"line":12,"column":null}}},"fnMap":{},"branchMap":{},"s":{"0":1,"1":1,"2":1,"3":1,"4":1,"5":1,"6":1},"f":{},"b":{}}
,"C:\\Users\\Bruker\\Desktop\\IT1901\\gr2010\\gazelle\\src\\views\\LoginView.vue": {"path":"C:\\Users\\Bruker\\Desktop\\IT1901\\gr2010\\gazelle\\src\\views\\LoginView.vue","statementMap":{"0":{"start":{"line":9,"column":0},"end":{"line":9,"column":null}},"1":{"start":{"line":10,"column":0},"end":{"line":10,"column":null}},"2":{"start":{"line":17,"column":0},"end":{"line":17,"column":null}},"3":{"start":{"line":17,"column":0},"end":{"line":12,"column":null}}},"fnMap":{},"branchMap":{},"s":{"0":1,"1":1,"2":1,"3":1},"f":{},"b":{}}
,"C:\\Users\\Bruker\\Desktop\\IT1901\\gr2010\\gazelle\\src\\views\\MyCourses.vue": {"path":"C:\\Users\\Bruker\\Desktop\\IT1901\\gr2010\\gazelle\\src\\views\\MyCourses.vue","statementMap":{"0":{"start":{"line":33,"column":0},"end":{"line":33,"column":null}},"1":{"start":{"line":34,"column":0},"end":{"line":34,"column":null}},"2":{"start":{"line":35,"column":0},"end":{"line":35,"column":null}},"3":{"start":{"line":43,"column":0},"end":{"line":43,"column":null}},"4":{"start":{"line":43,"column":0},"end":{"line":37,"column":null}}},"fnMap":{},"branchMap":{},"s":{"0":1,"1":1,"2":1,"3":1,"4":1},"f":{},"b":{}}
,"C:\\Users\\Bruker\\Desktop\\IT1901\\gr2010\\gazelle\\src\\views\\PostView.vue": {"path":"C:\\Users\\Bruker\\Desktop\\IT1901\\gr2010\\gazelle\\src\\views\\PostView.vue","statementMap":{"0":{"start":{"line":9,"column":0},"end":{"line":9,"column":null}},"1":{"start":{"line":10,"column":0},"end":{"line":10,"column":null}},"2":{"start":{"line":11,"column":0},"end":{"line":11,"column":null}},"3":{"start":{"line":19,"column":0},"end":{"line":19,"column":null}},"4":{"start":{"line":20,"column":0},"end":{"line":20,"column":null}},"5":{"start":{"line":19,"column":0},"end":{"line":13,"column":null}}},"fnMap":{"0":{"name":"(anonymous_1)","decl":{"start":{"line":19,"column":0},"end":{"line":19,"column":null}},"loc":{"start":{"line":19,"column":0},"end":{"line":21,"column":null}}}},"branchMap":{},"s":{"0":1,"1":1,"2":1,"3":1,"4":0,"5":1},"f":{"0":0},"b":{}}
,"C:\\Users\\Bruker\\Desktop\\IT1901\\gr2010\\gazelle\\src\\views\\SignUpView.vue": {"path":"C:\\Users\\Bruker\\Desktop\\IT1901\\gr2010\\gazelle\\src\\views\\SignUpView.vue","statementMap":{"0":{"start":{"line":9,"column":0},"end":{"line":9,"column":null}},"1":{"start":{"line":10,"column":0},"end":{"line":10,"column":null}},"2":{"start":{"line":11,"column":0},"end":{"line":11,"column":null}},"3":{"start":{"line":19,"column":0},"end":{"line":19,"column":null}},"4":{"start":{"line":19,"column":0},"end":{"line":13,"column":null}}},"fnMap":{},"branchMap":{},"s":{"0":1,"1":1,"2":1,"3":1,"4":1},"f":{},"b":{}}
,"C:\\Users\\Bruker\\Desktop\\IT1901\\gr2010\\gazelle\\src\\views\\UserSettings.vue": {"path":"C:\\Users\\Bruker\\Desktop\\IT1901\\gr2010\\gazelle\\src\\views\\UserSettings.vue","statementMap":{"0":{"start":{"line":8,"column":0},"end":{"line":8,"column":null}},"1":{"start":{"line":11,"column":0},"end":{"line":11,"column":null}}},"fnMap":{},"branchMap":{},"s":{"0":1,"1":2},"f":{},"b":{}}
}
