TN:
SF:C:\Users\Bruker\Desktop\IT1901\gr2010\gazelle\src\client\chore.ts
FN:4,setChoreState
FNF:1
FNH:0
FNDA:0,setChoreState
DA:2,1
DA:9,0
LF:2
LH:1
BRF:0
BRH:0
end_of_record
TN:
SF:C:\Users\Bruker\Desktop\IT1901\gr2010\gazelle\src\client\course.ts
FN:4,addNewCourse
FN:10,deleteCourse
FN:14,findCourseById
FN:18,findAllCourses
FN:22,getFollowedCourses
FN:28,getCourseFollowers
FN:32,addCourseFollower
FN:42,removeCourseFollower
FN:51,getOwnedCourses
FN:57,getCourseOwners
FN:61,addCourseOwner
FN:71,removeCourseOwner
FNF:12
FNH:0
FNDA:0,addNewCourse
FNDA:0,deleteCourse
FNDA:0,findCourseById
FNDA:0,findAllCourses
FNDA:0,getFollowedCourses
FNDA:0,getCourseFollowers
FNDA:0,addCourseFollower
FNDA:0,removeCourseFollower
FNDA:0,getOwnedCourses
FNDA:0,getCourseOwners
FNDA:0,addCourseOwner
FNDA:0,removeCourseOwner
DA:1,1
DA:7,0
DA:11,0
DA:15,0
DA:19,0
DA:25,0
DA:29,0
DA:36,0
DA:46,0
DA:54,0
DA:58,0
DA:65,0
DA:75,0
LF:13
LH:1
BRF:0
BRH:0
end_of_record
TN:
SF:C:\Users\Bruker\Desktop\IT1901\gr2010\gazelle\src\client\login.ts
FN:18,login
FN:43,tryGetRealUser
FN:59,onTokenInvalid
FN:71,logout
FN:91,signup
FNF:5
FNH:1
FNDA:1,login
FNDA:0,tryGetRealUser
FNDA:0,onTokenInvalid
FNDA:0,logout
FNDA:0,signup
DA:1,1
DA:2,1
DA:9,1
DA:19,1
DA:20,1
DA:22,1
DA:23,1
DA:27,0
DA:28,0
DA:29,0
DA:31,1
DA:32,1
DA:44,0
DA:46,0
DA:47,0
DA:48,0
DA:49,0
DA:51,0
DA:60,0
DA:61,0
DA:62,0
DA:72,0
DA:75,0
DA:77,0
DA:78,0
DA:79,0
DA:80,0
DA:81,0
DA:92,0
DA:93,0
DA:94,0
DA:95,0
DA:99,0
DA:100,0
DA:101,0
DA:103,0
DA:104,0
LF:37
LH:9
BRDA:19,0,0,0
BRDA:19,0,1,1
BRDA:44,1,0,0
BRDA:44,1,1,0
BRDA:51,2,0,0
BRDA:51,2,1,0
BRDA:72,3,0,0
BRDA:72,3,1,0
BRDA:92,4,0,0
BRDA:92,4,1,0
BRF:10
BRH:1
end_of_record
TN:
SF:C:\Users\Bruker\Desktop\IT1901\gr2010\gazelle\src\client\post.ts
FN:8,addNewPost
FN:18,updateExistingPost
FN:28,getPostContent
FN:34,getPostsForCourse
FNF:4
FNH:0
FNDA:0,addNewPost
FNDA:0,updateExistingPost
FNDA:0,getPostContent
FNDA:0,getPostsForCourse
DA:1,1
DA:12,0
DA:22,0
DA:31,0
DA:37,0
LF:5
LH:1
BRF:0
BRH:0
end_of_record
TN:
SF:C:\Users\Bruker\Desktop\IT1901\gr2010\gazelle\src\client\restClient.ts
FN:11,wrapPromise
FN:12,(anonymous_1)
FN:14,(anonymous_2)
FN:15,(anonymous_3)
FN:35,(anonymous_4)
FN:38,(anonymous_5)
FN:42,(anonymous_6)
FN:45,(anonymous_7)
FN:48,(anonymous_8)
FN:54,(anonymous_9)
FN:58,(anonymous_10)
FN:62,(anonymous_11)
FN:68,(anonymous_12)
FN:77,(anonymous_13)
FN:83,(anonymous_14)
FN:87,(anonymous_15)
FN:93,(anonymous_16)
FNF:17
FNH:2
FNDA:0,wrapPromise
FNDA:0,(anonymous_1)
FNDA:0,(anonymous_2)
FNDA:0,(anonymous_3)
FNDA:0,(anonymous_4)
FNDA:0,(anonymous_5)
FNDA:0,(anonymous_6)
FNDA:0,(anonymous_7)
FNDA:0,(anonymous_8)
FNDA:1,(anonymous_9)
FNDA:0,(anonymous_10)
FNDA:0,(anonymous_11)
FNDA:0,(anonymous_12)
FNDA:0,(anonymous_13)
FNDA:0,(anonymous_14)
FNDA:1,(anonymous_15)
FNDA:0,(anonymous_16)
DA:1,1
DA:3,1
DA:4,1
DA:12,0
DA:13,0
DA:14,0
DA:16,0
DA:17,0
DA:21,0
DA:23,0
DA:25,0
DA:27,0
DA:35,1
DA:38,1
DA:39,0
DA:42,1
DA:45,1
DA:48,1
DA:49,0
DA:55,1
DA:59,0
DA:63,0
DA:64,0
DA:65,0
DA:72,0
DA:78,0
DA:84,0
DA:88,1
DA:94,0
DA:98,1
LF:30
LH:11
BRDA:16,0,0,0
BRDA:16,0,1,0
BRDA:21,1,0,0
BRDA:21,1,1,0
BRDA:21,2,0,0
BRDA:21,2,1,0
BRDA:39,3,0,0
BRDA:39,3,1,0
BRDA:39,3,2,0
BRDA:42,4,0,0
BRDA:42,4,1,0
BRDA:49,5,0,0
BRDA:49,5,1,0
BRDA:49,5,2,0
BRDA:63,6,0,0
BRDA:63,6,1,0
BRF:16
BRH:0
end_of_record
TN:
SF:C:\Users\Bruker\Desktop\IT1901\gr2010\gazelle\src\client\types.ts
FN:61,(anonymous_0)
FNF:1
FNH:1
FNDA:1,(anonymous_0)
DA:61,1
DA:62,1
DA:63,1
DA:64,1
LF:4
LH:4
BRDA:61,0,0,1
BRDA:61,0,1,1
BRF:2
BRH:2
end_of_record
TN:
SF:C:\Users\Bruker\Desktop\IT1901\gr2010\gazelle\src\components\ChoreListing.vue
FN:22,(anonymous_1)
FNF:1
FNH:0
FNDA:0,(anonymous_1)
DA:18,1
DA:22,2
DA:23,0
DA:25,1
LF:4
LH:3
BRF:0
BRH:0
end_of_record
TN:
SF:C:\Users\Bruker\Desktop\IT1901\gr2010\gazelle\src\components\CourseList.vue
FN:57,(anonymous_1)
FN:66,(anonymous_2)
FN:77,(anonymous_3)
FN:94,(anonymous_4)
FN:100,(anonymous_5)
FNF:5
FNH:0
FNDA:0,(anonymous_1)
FNDA:0,(anonymous_2)
FNDA:0,(anonymous_3)
FNDA:0,(anonymous_4)
FNDA:0,(anonymous_5)
DA:49,1
DA:50,1
DA:52,1
DA:57,1
DA:58,1
DA:60,0
DA:61,0
DA:62,0
DA:63,0
DA:64,0
DA:67,0
DA:68,0
DA:69,0
DA:71,0
DA:72,0
DA:74,0
DA:81,0
DA:85,0
DA:87,0
DA:95,0
DA:96,0
DA:97,0
DA:101,0
DA:102,0
DA:103,0
DA:104,0
DA:106,0
LF:27
LH:5
BRDA:67,0,0,0
BRDA:67,0,1,0
BRDA:67,1,0,0
BRDA:67,1,1,0
BRDA:81,2,0,0
BRDA:81,2,1,0
BRDA:81,3,0,0
BRDA:81,3,1,0
BRF:8
BRH:0
end_of_record
TN:
SF:C:\Users\Bruker\Desktop\IT1901\gr2010\gazelle\src\components\CourseListing.vue
FN:56,(anonymous_1)
FN:62,(anonymous_2)
FNF:2
FNH:0
FNDA:0,(anonymous_1)
FNDA:0,(anonymous_2)
DA:52,1
DA:56,2
DA:57,1
DA:58,1
DA:59,0
DA:62,1
DA:63,0
LF:7
LH:5
BRF:0
BRH:0
end_of_record
TN:
SF:C:\Users\Bruker\Desktop\IT1901\gr2010\gazelle\src\components\FocusChore.vue
FN:16,(anonymous_1)
FNF:1
FNH:0
FNDA:0,(anonymous_1)
DA:12,1
DA:16,2
DA:18,1
DA:19,0
DA:21,1
LF:5
LH:4
BRF:0
BRH:0
end_of_record
TN:
SF:C:\Users\Bruker\Desktop\IT1901\gr2010\gazelle\src\components\HomePage.vue
FNF:0
FNH:0
DA:41,1
DA:42,1
DA:43,1
DA:44,1
DA:52,1
LF:5
LH:5
BRF:0
BRH:0
end_of_record
TN:
SF:C:\Users\Bruker\Desktop\IT1901\gr2010\gazelle\src\components\LoginPage.vue
FN:38,(anonymous_1)
FN:46,(anonymous_2)
FNF:2
FNH:2
FNDA:3,(anonymous_1)
FNDA:1,(anonymous_2)
DA:33,1
DA:34,1
DA:35,1
DA:38,2
DA:40,1
DA:42,3
DA:43,3
DA:44,3
DA:47,1
DA:48,1
DA:49,1
DA:50,1
DA:51,1
DA:52,0
DA:54,2
DA:56,2
LF:16
LH:15
BRDA:44,0,0,1
BRDA:44,0,1,2
BRDA:54,1,0,1
BRDA:54,1,1,0
BRDA:56,2,0,0
BRDA:56,2,1,1
BRF:6
BRH:4
end_of_record
TN:
SF:C:\Users\Bruker\Desktop\IT1901\gr2010\gazelle\src\components\PostChore.vue
FN:25,(anonymous_1)
FN:31,(anonymous_2)
FNF:2
FNH:0
FNDA:0,(anonymous_1)
FNDA:0,(anonymous_2)
DA:20,1
DA:21,1
DA:22,1
DA:25,2
DA:27,1
DA:28,0
DA:29,0
DA:32,0
DA:34,0
DA:35,0
DA:37,0
DA:39,0
LF:12
LH:5
BRDA:34,0,0,0
BRDA:34,0,1,0
BRF:2
BRH:0
end_of_record
TN:
SF:C:\Users\Bruker\Desktop\IT1901\gr2010\gazelle\src\components\PostComponent.vue
FNF:0
FNH:0
DA:18,1
DA:19,1
DA:20,1
DA:21,1
DA:31,1
DA:32,1
LF:6
LH:6
BRF:0
BRH:0
end_of_record
TN:
SF:C:\Users\Bruker\Desktop\IT1901\gr2010\gazelle\src\components\PostEdit.vue
FN:51,(anonymous_1)
FN:62,(anonymous_2)
FN:71,(anonymous_3)
FN:75,(anonymous_4)
FNF:4
FNH:0
FNDA:0,(anonymous_1)
FNDA:0,(anonymous_2)
FNDA:0,(anonymous_3)
FNDA:0,(anonymous_4)
DA:41,1
DA:42,1
DA:43,1
DA:51,1
DA:52,0
DA:53,0
DA:54,0
DA:55,0
DA:56,0
DA:57,0
DA:59,0
DA:60,0
DA:62,0
DA:63,0
DA:71,0
DA:72,0
DA:76,0
DA:77,0
DA:85,0
LF:19
LH:4
BRDA:59,0,0,0
BRDA:59,0,1,0
BRDA:76,1,0,0
BRDA:76,1,1,0
BRF:4
BRH:0
end_of_record
TN:
SF:C:\Users\Bruker\Desktop\IT1901\gr2010\gazelle\src\components\PostList.vue
FN:41,(anonymous_1)
FNF:1
FNH:0
FNDA:0,(anonymous_1)
DA:35,1
DA:36,1
DA:41,1
DA:42,1
DA:43,0
LF:5
LH:4
BRF:0
BRH:0
end_of_record
TN:
SF:C:\Users\Bruker\Desktop\IT1901\gr2010\gazelle\src\components\PostListing.vue
FNF:0
FNH:0
DA:40,1
DA:44,2
DA:46,1
LF:3
LH:3
BRF:0
BRH:0
end_of_record
TN:
SF:C:\Users\Bruker\Desktop\IT1901\gr2010\gazelle\src\components\RecentlyUpdated.vue
FNF:0
FNH:0
DA:21,1
DA:23,1
DA:27,1
DA:29,1
LF:4
LH:4
BRF:0
BRH:0
end_of_record
TN:
SF:C:\Users\Bruker\Desktop\IT1901\gr2010\gazelle\src\components\SignUpPage.vue
FN:44,(anonymous_1)
FN:53,(anonymous_2)
FNF:2
FNH:0
FNDA:0,(anonymous_1)
FNDA:0,(anonymous_2)
DA:39,1
DA:40,1
DA:41,1
DA:44,2
DA:45,0
DA:46,0
DA:47,0
DA:48,0
DA:49,0
DA:51,0
DA:54,0
DA:55,0
DA:56,0
DA:57,0
DA:58,0
DA:60,0
DA:61,0
DA:62,0
DA:64,0
DA:65,0
DA:66,0
DA:68,0
LF:22
LH:4
BRDA:60,0,0,0
BRDA:60,0,1,0
BRDA:68,1,0,0
BRDA:68,1,1,0
BRF:4
BRH:0
end_of_record
TN:
SF:C:\Users\Bruker\Desktop\IT1901\gr2010\gazelle\src\router\index.ts
FN:53,(anonymous_0)
FN:110,(anonymous_1)
FN:116,(anonymous_2)
FN:120,(anonymous_3)
FN:129,(anonymous_4)
FN:130,(anonymous_5)
FN:139,(anonymous_6)
FNF:7
FNH:1
FNDA:0,(anonymous_0)
FNDA:0,(anonymous_1)
FNDA:0,(anonymous_2)
FNDA:0,(anonymous_3)
FNDA:2,(anonymous_4)
FNDA:0,(anonymous_5)
FNDA:0,(anonymous_6)
DA:1,1
DA:2,1
DA:3,1
DA:4,1
DA:5,1
DA:6,1
DA:7,1
DA:8,1
DA:9,1
DA:10,1
DA:11,1
DA:12,1
DA:14,1
DA:16,1
DA:53,0
DA:95,1
DA:110,1
DA:115,0
DA:116,0
DA:117,0
DA:118,0
DA:119,0
DA:120,0
DA:121,0
DA:122,0
DA:123,0
DA:125,0
DA:128,1
DA:129,2
DA:131,0
DA:139,1
DA:140,0
DA:143,1
LF:33
LH:20
BRDA:115,0,0,0
BRDA:115,0,1,0
BRDA:116,1,0,0
BRDA:116,1,1,0
BRDA:117,2,0,0
BRDA:117,2,1,0
BRDA:117,3,0,0
BRDA:117,3,1,0
BRDA:120,4,0,0
BRDA:120,4,1,0
BRDA:121,5,0,0
BRDA:121,5,1,0
BRDA:140,6,0,0
BRDA:140,6,1,0
BRF:14
BRH:0
end_of_record
TN:
SF:C:\Users\Bruker\Desktop\IT1901\gr2010\gazelle\src\store\index.ts
FN:15,(anonymous_0)
FN:31,(anonymous_1)
FN:34,(anonymous_2)
FN:42,(anonymous_3)
FN:46,(anonymous_4)
FN:51,(anonymous_5)
FN:60,(anonymous_6)
FN:62,(anonymous_7)
FN:63,(anonymous_8)
FN:64,(anonymous_9)
FN:65,(anonymous_10)
FN:66,(anonymous_11)
FN:67,(anonymous_12)
FNF:13
FNH:5
FNDA:1,(anonymous_0)
FNDA:1,(anonymous_1)
FNDA:0,(anonymous_2)
FNDA:0,(anonymous_3)
FNDA:1,(anonymous_4)
FNDA:0,(anonymous_5)
FNDA:1,(anonymous_6)
FNDA:0,(anonymous_7)
FNDA:0,(anonymous_8)
FNDA:2,(anonymous_9)
FNDA:0,(anonymous_10)
FNDA:0,(anonymous_11)
FNDA:0,(anonymous_12)
DA:1,1
DA:2,1
DA:5,1
DA:15,1
DA:16,1
DA:17,1
DA:18,1
DA:19,0
DA:25,1
DA:28,1
DA:32,1
DA:38,0
DA:39,0
DA:40,0
DA:43,0
DA:44,0
DA:47,1
DA:48,1
DA:49,1
DA:52,0
DA:53,0
DA:54,0
DA:61,1
DA:62,0
DA:63,0
DA:64,2
DA:65,0
DA:66,0
DA:67,0
LF:29
LH:15
BRDA:18,0,0,0
BRDA:18,0,1,1
BRDA:18,1,0,1
BRDA:18,1,1,0
BRDA:61,2,0,1
BRDA:61,2,1,1
BRDA:66,3,0,0
BRDA:66,3,1,0
BRDA:66,4,0,0
BRDA:66,4,1,0
BRF:10
BRH:4
end_of_record
TN:
SF:C:\Users\Bruker\Desktop\IT1901\gr2010\gazelle\src\views\CoursePage.vue
FN:21,(anonymous_1)
FN:25,(anonymous_2)
FN:29,(anonymous_3)
FNF:3
FNH:0
FNDA:0,(anonymous_1)
FNDA:0,(anonymous_2)
FNDA:0,(anonymous_3)
DA:6,1
DA:7,1
DA:8,1
DA:9,1
DA:10,1
DA:12,1
DA:21,1
DA:22,0
DA:23,0
DA:26,0
DA:30,0
DA:31,0
DA:33,0
LF:13
LH:7
BRF:0
BRH:0
end_of_record
TN:
SF:C:\Users\Bruker\Desktop\IT1901\gr2010\gazelle\src\views\ErrorPage.vue
FNF:0
FNH:0
DA:28,1
DA:31,2
LF:2
LH:2
BRF:0
BRH:0
end_of_record
TN:
SF:C:\Users\Bruker\Desktop\IT1901\gr2010\gazelle\src\views\FocusList.vue
FN:23,(anonymous_1)
FNF:1
FNH:0
FNDA:0,(anonymous_1)
DA:14,1
DA:15,1
DA:23,1
DA:24,0
LF:4
LH:3
BRF:0
BRH:0
end_of_record
TN:
SF:C:\Users\Bruker\Desktop\IT1901\gr2010\gazelle\src\views\Home.vue
FNF:0
FNH:0
DA:6,1
DA:7,1
DA:8,1
DA:9,1
DA:10,1
DA:20,1
LF:6
LH:6
BRF:0
BRH:0
end_of_record
TN:
SF:C:\Users\Bruker\Desktop\IT1901\gr2010\gazelle\src\views\LoginView.vue
FNF:0
FNH:0
DA:37,1
DA:38,1
DA:45,1
DA:47,1
LF:4
LH:4
BRF:0
BRH:0
end_of_record
TN:
SF:C:\Users\Bruker\Desktop\IT1901\gr2010\gazelle\src\views\MyCourses.vue
FN:18,(anonymous_1)
FN:21,(anonymous_2)
FN:25,(anonymous_3)
FNF:3
FNH:0
FNDA:0,(anonymous_1)
FNDA:0,(anonymous_2)
FNDA:0,(anonymous_3)
DA:6,1
DA:7,1
DA:8,1
DA:9,1
DA:18,1
DA:19,0
DA:22,0
DA:26,0
DA:27,0
DA:29,0
LF:10
LH:5
BRF:0
BRH:0
end_of_record
TN:
SF:C:\Users\Bruker\Desktop\IT1901\gr2010\gazelle\src\views\PostView.vue
FN:19,(anonymous_1)
FNF:1
FNH:0
FNDA:0,(anonymous_1)
DA:9,1
DA:10,1
DA:11,1
DA:19,1
DA:20,0
LF:5
LH:4
BRF:0
BRH:0
end_of_record
TN:
SF:C:\Users\Bruker\Desktop\IT1901\gr2010\gazelle\src\views\SignUpView.vue
FNF:0
FNH:0
DA:9,1
DA:10,1
DA:11,1
DA:19,1
LF:4
LH:4
BRF:0
BRH:0
end_of_record
TN:
SF:C:\Users\Bruker\Desktop\IT1901\gr2010\gazelle\src\views\UserSettings.vue
FNF:0
FNH:0
DA:8,1
DA:11,2
LF:2
LH:2
BRF:0
BRH:0
end_of_record
