TN:
SF:C:\Users\Bruker\Desktop\IT1901\gr2010\gazelle\src\client\login.ts
FN:13,login
FN:37,loginWithToken
FN:59,tryLocalStorageLogin
FN:79,logout
FN:101,signup
FNF:5
FNH:0
FNDA:0,login
FNDA:0,loginWithToken
FNDA:0,tryLocalStorageLogin
FNDA:0,logout
FNDA:0,signup
DA:1,1
DA:2,1
DA:14,0
DA:15,0
DA:17,0
DA:18,0
DA:22,0
DA:23,0
DA:25,0
DA:26,0
DA:38,0
DA:39,0
DA:41,0
DA:43,0
DA:46,0
DA:47,0
DA:49,0
DA:50,0
DA:60,0
DA:61,0
DA:62,0
DA:63,0
DA:66,0
DA:67,0
DA:69,0
DA:80,0
DA:82,0
DA:83,0
DA:85,0
DA:87,0
DA:90,0
DA:91,0
DA:102,0
DA:103,0
DA:104,0
DA:105,0
DA:109,0
DA:110,0
DA:112,0
DA:113,0
LF:40
LH:2
BRDA:14,0,0,0
BRDA:14,0,1,0
BRDA:38,1,0,0
BRDA:38,1,1,0
BRDA:61,2,0,0
BRDA:61,2,1,0
BRDA:80,3,0,0
BRDA:80,3,1,0
BRDA:85,4,0,0
BRDA:85,4,1,0
BRDA:102,5,0,0
BRDA:102,5,1,0
BRF:12
BRH:0
end_of_record
TN:
SF:C:\Users\Bruker\Desktop\IT1901\gr2010\gazelle\src\client\restClient.ts
FN:11,wrapPromise
FN:12,(anonymous_1)
FN:14,(anonymous_2)
FN:15,(anonymous_3)
FN:38,(anonymous_4)
FN:41,(anonymous_5)
FN:45,(anonymous_6)
FN:51,(anonymous_7)
FN:56,(anonymous_8)
FN:57,(anonymous_9)
FN:62,(anonymous_10)
FN:66,(anonymous_11)
FN:75,(anonymous_12)
FN:81,(anonymous_13)
FNF:14
FNH:2
FNDA:0,wrapPromise
FNDA:0,(anonymous_1)
FNDA:0,(anonymous_2)
FNDA:0,(anonymous_3)
FNDA:0,(anonymous_4)
FNDA:0,(anonymous_5)
FNDA:0,(anonymous_6)
FNDA:1,(anonymous_7)
FNDA:1,(anonymous_8)
FNDA:0,(anonymous_9)
FNDA:0,(anonymous_10)
FNDA:0,(anonymous_11)
FNDA:0,(anonymous_12)
FNDA:0,(anonymous_13)
DA:1,1
DA:3,1
DA:4,1
DA:12,0
DA:13,0
DA:14,0
DA:16,0
DA:17,0
DA:21,0
DA:23,0
DA:24,0
DA:25,0
DA:26,0
DA:28,0
DA:30,0
DA:38,1
DA:41,1
DA:42,0
DA:45,1
DA:52,1
DA:55,1
DA:56,1
DA:58,0
DA:63,0
DA:70,0
DA:76,0
DA:82,0
DA:88,1
LF:28
LH:10
BRDA:16,0,0,0
BRDA:16,0,1,0
BRDA:21,1,0,0
BRDA:21,1,1,0
BRDA:42,2,0,0
BRDA:42,2,1,0
BRDA:42,2,2,0
BRF:7
BRH:0
end_of_record
TN:
SF:C:\Users\Bruker\Desktop\IT1901\gr2010\gazelle\src\components\ChoreListing.vue
FN:22,(anonymous_1)
FNF:1
FNH:0
FNDA:0,(anonymous_1)
DA:18,1
DA:22,2
DA:23,0
DA:25,1
LF:4
LH:3
BRF:0
BRH:0
end_of_record
TN:
SF:C:\Users\Bruker\Desktop\IT1901\gr2010\gazelle\src\components\CourseList.vue
FNF:0
FNH:0
DA:20,1
DA:22,1
DA:27,1
DA:29,1
LF:4
LH:4
BRF:0
BRH:0
end_of_record
TN:
SF:C:\Users\Bruker\Desktop\IT1901\gr2010\gazelle\src\components\CourseListing.vue
FNF:0
FNH:0
DA:32,1
DA:36,2
DA:38,1
LF:3
LH:3
BRF:0
BRH:0
end_of_record
TN:
SF:C:\Users\Bruker\Desktop\IT1901\gr2010\gazelle\src\components\FocusChore.vue
FN:16,(anonymous_1)
FNF:1
FNH:0
FNDA:0,(anonymous_1)
DA:12,1
DA:16,2
DA:18,1
DA:19,0
DA:21,1
LF:5
LH:4
BRF:0
BRH:0
end_of_record
TN:
SF:C:\Users\Bruker\Desktop\IT1901\gr2010\gazelle\src\components\HomePage.vue
FNF:0
FNH:0
DA:41,1
DA:42,1
DA:43,1
DA:44,1
DA:52,1
LF:5
LH:5
BRF:0
BRH:0
end_of_record
TN:
SF:C:\Users\Bruker\Desktop\IT1901\gr2010\gazelle\src\components\LoginPage.vue
FN:37,(anonymous_1)
FN:42,(anonymous_2)
FN:47,(anonymous_3)
FNF:3
FNH:2
FNDA:1,(anonymous_1)
FNDA:1,(anonymous_2)
FNDA:0,(anonymous_3)
DA:32,1
DA:33,1
DA:34,1
DA:37,2
DA:38,1
DA:39,1
DA:40,1
DA:43,1
DA:44,1
DA:48,0
DA:49,0
DA:50,0
DA:51,0
DA:52,0
DA:53,0
DA:55,0
LF:16
LH:9
BRDA:44,0,0,0
BRDA:44,0,1,1
BRDA:55,1,0,0
BRDA:55,1,1,0
BRF:4
BRH:1
end_of_record
TN:
SF:C:\Users\Bruker\Desktop\IT1901\gr2010\gazelle\src\components\PostComponent.vue
FN:23,(anonymous_1)
FNF:1
FNH:0
FNDA:0,(anonymous_1)
DA:12,1
DA:13,1
DA:14,1
DA:23,1
DA:27,1
LF:5
LH:5
BRF:0
BRH:0
end_of_record
TN:
SF:C:\Users\Bruker\Desktop\IT1901\gr2010\gazelle\src\components\PostEdit.vue
FN:48,(anonymous_1)
FN:58,(anonymous_2)
FN:62,(anonymous_3)
FNF:3
FNH:0
FNDA:0,(anonymous_1)
FNDA:0,(anonymous_2)
FNDA:0,(anonymous_3)
DA:39,1
DA:40,1
DA:48,1
DA:49,0
DA:50,0
DA:51,0
DA:52,0
DA:53,0
DA:54,0
DA:55,0
DA:56,0
DA:58,0
DA:59,0
DA:62,0
DA:63,0
LF:15
LH:3
BRDA:53,0,0,0
BRDA:53,0,1,0
BRF:2
BRH:0
end_of_record
TN:
SF:C:\Users\Bruker\Desktop\IT1901\gr2010\gazelle\src\components\PostList.vue
FNF:0
FNH:0
DA:13,1
DA:14,1
DA:19,1
DA:21,1
LF:4
LH:4
BRF:0
BRH:0
end_of_record
TN:
SF:C:\Users\Bruker\Desktop\IT1901\gr2010\gazelle\src\components\PostListing.vue
FNF:0
FNH:0
DA:40,1
DA:44,2
DA:46,1
LF:3
LH:3
BRF:0
BRH:0
end_of_record
TN:
SF:C:\Users\Bruker\Desktop\IT1901\gr2010\gazelle\src\components\RecentlyUpdated.vue
FNF:0
FNH:0
DA:21,1
DA:23,1
DA:27,1
DA:29,1
LF:4
LH:4
BRF:0
BRH:0
end_of_record
TN:
SF:C:\Users\Bruker\Desktop\IT1901\gr2010\gazelle\src\components\SignUpPage.vue
FN:44,(anonymous_1)
FN:53,(anonymous_2)
FNF:2
FNH:0
FNDA:0,(anonymous_1)
FNDA:0,(anonymous_2)
DA:39,1
DA:40,1
DA:41,1
DA:44,2
DA:45,0
DA:46,0
DA:47,0
DA:48,0
DA:49,0
DA:51,0
DA:54,0
DA:55,0
DA:56,0
DA:57,0
DA:58,0
DA:60,0
DA:61,0
DA:62,0
DA:64,0
LF:19
LH:4
BRDA:64,0,0,0
BRDA:64,0,1,0
BRF:2
BRH:0
end_of_record
TN:
SF:C:\Users\Bruker\Desktop\IT1901\gr2010\gazelle\src\router\index.ts
FN:97,(anonymous_0)
FN:104,(anonymous_1)
FN:108,(anonymous_2)
FN:117,(anonymous_3)
FN:118,(anonymous_4)
FN:127,(anonymous_5)
FNF:6
FNH:1
FNDA:0,(anonymous_0)
FNDA:0,(anonymous_1)
FNDA:0,(anonymous_2)
FNDA:1,(anonymous_3)
FNDA:0,(anonymous_4)
FNDA:0,(anonymous_5)
DA:1,1
DA:2,1
DA:3,1
DA:4,1
DA:5,1
DA:6,1
DA:7,1
DA:8,1
DA:9,1
DA:10,1
DA:11,1
DA:12,1
DA:14,1
DA:16,1
DA:82,1
DA:97,1
DA:102,0
DA:104,0
DA:105,0
DA:106,0
DA:107,0
DA:108,0
DA:109,0
DA:110,0
DA:111,0
DA:113,0
DA:116,1
DA:117,1
DA:119,0
DA:127,1
DA:128,0
DA:131,1
LF:32
LH:20
BRDA:102,0,0,0
BRDA:102,0,1,0
BRDA:104,1,0,0
BRDA:104,1,1,0
BRDA:105,2,0,0
BRDA:105,2,1,0
BRDA:108,3,0,0
BRDA:108,3,1,0
BRDA:109,4,0,0
BRDA:109,4,1,0
BRDA:128,5,0,0
BRDA:128,5,1,0
BRF:12
BRH:0
end_of_record
TN:
SF:C:\Users\Bruker\Desktop\IT1901\gr2010\gazelle\src\store\index.ts
FN:15,(anonymous_0)
FN:22,(anonymous_1)
FN:25,(anonymous_2)
FN:30,(anonymous_3)
FN:35,(anonymous_4)
FN:44,(anonymous_5)
FN:45,(anonymous_6)
FN:46,(anonymous_7)
FN:47,(anonymous_8)
FN:48,(anonymous_9)
FNF:10
FNH:3
FNDA:1,(anonymous_0)
FNDA:0,(anonymous_1)
FNDA:0,(anonymous_2)
FNDA:0,(anonymous_3)
FNDA:0,(anonymous_4)
FNDA:0,(anonymous_5)
FNDA:0,(anonymous_6)
FNDA:1,(anonymous_7)
FNDA:0,(anonymous_8)
FNDA:1,(anonymous_9)
DA:1,1
DA:2,1
DA:5,1
DA:15,1
DA:19,1
DA:23,0
DA:26,0
DA:27,0
DA:28,0
DA:31,0
DA:32,0
DA:33,0
DA:36,0
DA:37,0
DA:38,0
DA:44,0
DA:45,0
DA:46,1
DA:47,0
DA:48,1
LF:20
LH:7
BRF:0
BRH:0
end_of_record
TN:
SF:C:\Users\Bruker\Desktop\IT1901\gr2010\gazelle\src\views\CoursePage.vue
FN:35,(anonymous_1)
FNF:1
FNH:0
FNDA:0,(anonymous_1)
DA:22,1
DA:23,1
DA:24,1
DA:25,1
DA:26,1
DA:35,1
DA:36,0
LF:7
LH:6
BRF:0
BRH:0
end_of_record
TN:
SF:C:\Users\Bruker\Desktop\IT1901\gr2010\gazelle\src\views\ErrorPage.vue
FNF:0
FNH:0
DA:28,1
DA:31,2
LF:2
LH:2
BRF:0
BRH:0
end_of_record
TN:
SF:C:\Users\Bruker\Desktop\IT1901\gr2010\gazelle\src\views\FocusList.vue
FN:23,(anonymous_1)
FNF:1
FNH:0
FNDA:0,(anonymous_1)
DA:14,1
DA:15,1
DA:23,1
DA:24,0
LF:4
LH:3
BRF:0
BRH:0
end_of_record
TN:
SF:C:\Users\Bruker\Desktop\IT1901\gr2010\gazelle\src\views\Home.vue
FNF:0
FNH:0
DA:6,1
DA:7,1
DA:8,1
DA:9,1
DA:10,1
DA:20,1
LF:6
LH:6
BRF:0
BRH:0
end_of_record
TN:
SF:C:\Users\Bruker\Desktop\IT1901\gr2010\gazelle\src\views\LoginView.vue
FNF:0
FNH:0
DA:9,1
DA:10,1
DA:17,1
LF:3
LH:3
BRF:0
BRH:0
end_of_record
TN:
SF:C:\Users\Bruker\Desktop\IT1901\gr2010\gazelle\src\views\MyCourses.vue
FNF:0
FNH:0
DA:33,1
DA:34,1
DA:35,1
DA:43,1
LF:4
LH:4
BRF:0
BRH:0
end_of_record
TN:
SF:C:\Users\Bruker\Desktop\IT1901\gr2010\gazelle\src\views\PostView.vue
FN:19,(anonymous_1)
FNF:1
FNH:0
FNDA:0,(anonymous_1)
DA:9,1
DA:10,1
DA:11,1
DA:19,1
DA:20,0
LF:5
LH:4
BRF:0
BRH:0
end_of_record
TN:
SF:C:\Users\Bruker\Desktop\IT1901\gr2010\gazelle\src\views\SignUpView.vue
FNF:0
FNH:0
DA:9,1
DA:10,1
DA:11,1
DA:19,1
LF:4
LH:4
BRF:0
BRH:0
end_of_record
TN:
SF:C:\Users\Bruker\Desktop\IT1901\gr2010\gazelle\src\views\UserSettings.vue
FNF:0
FNH:0
DA:8,1
DA:11,2
LF:2
LH:2
BRF:0
BRH:0
end_of_record
